[INFO] Scanning for projects...
[INFO] ------------------------------------------------------------------------
[INFO] Reactor Build Order:
[INFO] 
[INFO] PltCmd                                                             [pom]
[INFO] Utilities                                                          [pom]
[INFO] Test utilities                                                     [jar]
[INFO] Events                                                             [jar]
[INFO] Model parent                                                       [pom]
[INFO] Elements model                                                     [jar]
[INFO] World model                                                        [jar]
[INFO] Map generation                                                     [jar]
[INFO] Radio model                                                        [jar]
[INFO] Game parent                                                        [pom]
[INFO] Engine (game core)                                                 [jar]
[INFO] Game ticks                                                         [jar]
[INFO] Comms                                                              [jar]
[INFO] Game options                                                       [jar]
[INFO] UI                                                                 [jar]
[INFO] Application                                                        [jar]
[INFO] 
[INFO] -----------------------< de.gleex.pltcmd:pltcmd >-----------------------
[INFO] Building PltCmd 0.0.2-SNAPSHOT                                    [1/16]
[INFO] --------------------------------[ pom ]---------------------------------
[INFO] 
[INFO] --- maven-enforcer-plugin:3.0.0-M3:enforce (enforce-upper-bound-deps) @ pltcmd ---
[INFO] 
[INFO] --- kotlin-maven-plugin:1.3.72:compile (compile) @ pltcmd ---
[WARNING] No sources found skipping Kotlin compile
[INFO] 
[INFO] --- kotlin-maven-plugin:1.3.72:test-compile (test-compile) @ pltcmd ---
[WARNING] No sources found skipping Kotlin compile
[INFO] 
[INFO] ---------------------< de.gleex.pltcmd.util:util >----------------------
[INFO] Building Utilities 0.0.2-SNAPSHOT                                 [2/16]
[INFO] --------------------------------[ pom ]---------------------------------
[INFO] 
[INFO] --- maven-enforcer-plugin:3.0.0-M3:enforce (enforce-upper-bound-deps) @ util ---
[INFO] 
[INFO] --- kotlin-maven-plugin:1.3.72:compile (compile) @ util ---
[WARNING] No sources found skipping Kotlin compile
[INFO] 
[INFO] --- kotlin-maven-plugin:1.3.72:test-compile (test-compile) @ util ---
[WARNING] No sources found skipping Kotlin compile
[INFO] 
[INFO] ---------------------< de.gleex.pltcmd.util:tests >---------------------
[INFO] Building Test utilities 0.0.2-SNAPSHOT                            [3/16]
[INFO] --------------------------------[ jar ]---------------------------------
[INFO] 
[INFO] --- maven-enforcer-plugin:3.0.0-M3:enforce (enforce-upper-bound-deps) @ tests ---
[INFO] 
[INFO] --- maven-resources-plugin:2.6:resources (default-resources) @ tests ---
[INFO] Using 'UTF-8' encoding to copy filtered resources.
[INFO] skip non existing resourceDirectory D:\coding\git\pltcmd\util\tests\src\main\resources
[INFO] 
[INFO] --- maven-compiler-plugin:3.1:compile (default-compile) @ tests ---
[INFO] No sources to compile
[INFO] 
[INFO] --- kotlin-maven-plugin:1.3.72:compile (compile) @ tests ---
[WARNING] No sources found skipping Kotlin compile
[INFO] 
[INFO] --- maven-resources-plugin:2.6:testResources (default-testResources) @ tests ---
[INFO] Using 'UTF-8' encoding to copy filtered resources.
[INFO] Copying 1 resource
[INFO] 
[INFO] --- maven-compiler-plugin:3.1:testCompile (default-testCompile) @ tests ---
[INFO] Nothing to compile - all classes are up to date
[INFO] 
[INFO] --- kotlin-maven-plugin:1.3.72:test-compile (test-compile) @ tests ---
[INFO] 
[INFO] --- maven-surefire-plugin:3.0.0-M4:test (default-test) @ tests ---
[INFO] 
[INFO] --------------------< de.gleex.pltcmd.util:events >---------------------
[INFO] Building Events 0.0.2-SNAPSHOT                                    [4/16]
[INFO] --------------------------------[ jar ]---------------------------------
[INFO] 
[INFO] --- maven-enforcer-plugin:3.0.0-M3:enforce (enforce-upper-bound-deps) @ events ---
[INFO] 
[INFO] --- maven-resources-plugin:2.6:resources (default-resources) @ events ---
[INFO] Using 'UTF-8' encoding to copy filtered resources.
[INFO] skip non existing resourceDirectory D:\coding\git\pltcmd\util\events\src\main\resources
[INFO] 
[INFO] --- maven-compiler-plugin:3.1:compile (default-compile) @ events ---
[INFO] Nothing to compile - all classes are up to date
[INFO] 
[INFO] --- kotlin-maven-plugin:1.3.72:compile (compile) @ events ---
[INFO] 
[INFO] --- maven-resources-plugin:2.6:testResources (default-testResources) @ events ---
[INFO] Using 'UTF-8' encoding to copy filtered resources.
[INFO] skip non existing resourceDirectory D:\coding\git\pltcmd\util\events\src\test\resources
[INFO] 
[INFO] --- maven-compiler-plugin:3.1:testCompile (default-testCompile) @ events ---
[INFO] No sources to compile
[INFO] 
[INFO] --- kotlin-maven-plugin:1.3.72:test-compile (test-compile) @ events ---
[WARNING] No sources found skipping Kotlin compile
[INFO] 
[INFO] --- maven-surefire-plugin:3.0.0-M4:test (default-test) @ events ---
[INFO] No tests to run.
[INFO] 
[INFO] --------------------< de.gleex.pltcmd.model:model >---------------------
[INFO] Building Model parent 0.0.2-SNAPSHOT                              [5/16]
[INFO] --------------------------------[ pom ]---------------------------------
[INFO] 
[INFO] --- maven-enforcer-plugin:3.0.0-M3:enforce (enforce-upper-bound-deps) @ model ---
[INFO] 
[INFO] --- kotlin-maven-plugin:1.3.72:compile (compile) @ model ---
[WARNING] No sources found skipping Kotlin compile
[INFO] 
[INFO] --- kotlin-maven-plugin:1.3.72:test-compile (test-compile) @ model ---
[WARNING] No sources found skipping Kotlin compile
[INFO] 
[INFO] -------------------< de.gleex.pltcmd.model:elements >-------------------
[INFO] Building Elements model 0.0.2-SNAPSHOT                            [6/16]
[INFO] --------------------------------[ jar ]---------------------------------
[INFO] 
[INFO] --- maven-enforcer-plugin:3.0.0-M3:enforce (enforce-upper-bound-deps) @ elements ---
[INFO] 
[INFO] --- maven-resources-plugin:2.6:resources (default-resources) @ elements ---
[INFO] Using 'UTF-8' encoding to copy filtered resources.
[INFO] skip non existing resourceDirectory D:\coding\git\pltcmd\model\elements\src\main\resources
[INFO] 
[INFO] --- maven-compiler-plugin:3.1:compile (default-compile) @ elements ---
[INFO] Nothing to compile - all classes are up to date
[INFO] 
[INFO] --- kotlin-maven-plugin:1.3.72:compile (compile) @ elements ---
[INFO] 
[INFO] --- maven-resources-plugin:2.6:testResources (default-testResources) @ elements ---
[INFO] Using 'UTF-8' encoding to copy filtered resources.
[INFO] skip non existing resourceDirectory D:\coding\git\pltcmd\model\elements\src\test\resources
[INFO] 
[INFO] --- maven-compiler-plugin:3.1:testCompile (default-testCompile) @ elements ---
[INFO] Nothing to compile - all classes are up to date
[INFO] 
[INFO] --- kotlin-maven-plugin:1.3.72:test-compile (test-compile) @ elements ---
[INFO] 
[INFO] --- maven-surefire-plugin:3.0.0-M4:test (default-test) @ elements ---
[INFO] 
[INFO] -------------------------------------------------------
[INFO]  T E S T S
[INFO] -------------------------------------------------------
~~~ Project Configuration ~~~
-> Parallelism: 1 thread
-> Test order: LexicographicSpecExecutionOrder
-> Soft assertations: False
-> Write spec failure file: False
-> Fail on ignored tests: False
-> Extensions
  - io.kotlintest.extensions.SystemPropertyTagExtension
  - io.kotlintest.extensions.RuntimeTagExtension
-> Listeners
  - io.kotlintest.provided.ProjectConfig$listeners$1
16:41:25.772 [main] INFO  io.kotlintest.provided.ProjectConfig - Starting tests, measuring time
16:41:25.775 [main] INFO  io.kotlintest.provided.ProjectConfig - Current memory usage: 254 / 4062 MB
[INFO] Running de.gleex.pltcmd.model.elements.ArmyElementHierarchyTest
16:41:25.883 [kotlintest-engine-0] INFO  io.kotlintest.provided.ProjectConfig - Starting tests de.gleex.pltcmd.model.elements.ArmyElementHierarchyTest
16:41:25.939 [pool-2-thread-1 @coroutine#1] INFO  io.kotlintest.provided.ProjectConfig - Execution of 'A division called Division 1895590179 should have no superordinate' took 6 ms
16:41:25.939 [pool-2-thread-1 @coroutine#1] INFO  io.kotlintest.provided.ProjectConfig -  - - - - - - - - - - - - - - - - - -
16:41:25.956 [pool-2-thread-1 @coroutine#1] INFO  io.kotlintest.provided.ProjectConfig - Execution of 'A division called Division 1895590179 should have one leader' took 16 ms
16:41:25.956 [pool-2-thread-1 @coroutine#1] INFO  io.kotlintest.provided.ProjectConfig -  - - - - - - - - - - - - - - - - - -
16:41:25.961 [pool-2-thread-1 @coroutine#1] INFO  io.kotlintest.provided.ProjectConfig - Execution of 'A division called Division 1895590179 should have 7024 units' took 4 ms
16:41:25.962 [pool-2-thread-1 @coroutine#1] INFO  io.kotlintest.provided.ProjectConfig -  - - - - - - - - - - - - - - - - - -
16:41:25.967 [pool-2-thread-1 @coroutine#1] INFO  io.kotlintest.provided.ProjectConfig - Execution of 'A division called Division 1895590179 should have 4 battalions in each brigade' took 1 ms
16:41:25.967 [pool-2-thread-1 @coroutine#1] INFO  io.kotlintest.provided.ProjectConfig -  - - - - - - - - - - - - - - - - - -
16:41:25.969 [pool-2-thread-1 @coroutine#1] INFO  io.kotlintest.provided.ProjectConfig - Execution of 'A division called Division 1895590179 should have 4 companies in each battalion' took 1 ms
16:41:25.969 [pool-2-thread-1 @coroutine#1] INFO  io.kotlintest.provided.ProjectConfig -  - - - - - - - - - - - - - - - - - -
16:41:25.972 [pool-2-thread-1 @coroutine#1] INFO  io.kotlintest.provided.ProjectConfig - Execution of 'A division called Division 1895590179 should have 5 platoons in each company' took 2 ms
16:41:25.973 [pool-2-thread-1 @coroutine#1] INFO  io.kotlintest.provided.ProjectConfig -  - - - - - - - - - - - - - - - - - -
16:41:25.978 [pool-2-thread-1 @coroutine#1] INFO  io.kotlintest.provided.ProjectConfig - Execution of 'A division called Division 1895590179 should have 4 squads in each platoon' took 4 ms
16:41:25.978 [pool-2-thread-1 @coroutine#1] INFO  io.kotlintest.provided.ProjectConfig -  - - - - - - - - - - - - - - - - - -
16:41:25.983 [pool-2-thread-1 @coroutine#1] INFO  io.kotlintest.provided.ProjectConfig - Execution of 'A division called Division 1895590179 should have 2 fireteams in each squad' took 3 ms
16:41:25.983 [pool-2-thread-1 @coroutine#1] INFO  io.kotlintest.provided.ProjectConfig -  - - - - - - - - - - - - - - - - - -
16:41:25.992 [pool-2-thread-1 @coroutine#1] INFO  io.kotlintest.provided.ProjectConfig - Execution of 'A division called Division 1895590179 should have 1 buddyteam in each fireteam and 1920 buddyteams total which have no further subelements' took 3 ms
16:41:25.992 [pool-2-thread-1 @coroutine#1] INFO  io.kotlintest.provided.ProjectConfig -  - - - - - - - - - - - - - - - - - -
16:41:25.995 [pool-2-thread-1 @coroutine#1] INFO  io.kotlintest.provided.ProjectConfig - Execution of 'A division called Division 1895590179 should have 1 buddyteam in each fireteam and 1920 buddyteams total with 3840 soldier in them' took 2 ms
16:41:25.995 [pool-2-thread-1 @coroutine#1] INFO  io.kotlintest.provided.ProjectConfig -  - - - - - - - - - - - - - - - - - -
16:41:25.999 [pool-2-thread-1 @coroutine#1] INFO  io.kotlintest.provided.ProjectConfig - Execution of 'A division called Division 1895590179 should have 1 buddyteam in each fireteam and 1920 buddyteams total which means there are 3184 leaders' took 3 ms
16:41:25.999 [pool-2-thread-1 @coroutine#1] INFO  io.kotlintest.provided.ProjectConfig -  - - - - - - - - - - - - - - - - - -
16:41:26.000 [kotlintest-engine-0] INFO  io.kotlintest.provided.ProjectConfig - Finished tests de.gleex.pltcmd.model.elements.ArmyElementHierarchyTest
16:41:26.000 [kotlintest-engine-0] INFO  io.kotlintest.provided.ProjectConfig - Current memory usage: 254 / 4062 MB
[INFO] Tests run: 11, Failures: 0, Errors: 0, Skipped: 0, Time elapsed: 0.182 s - in de.gleex.pltcmd.model.elements.ArmyElementHierarchyTest
16:41:26.010 [main] INFO  io.kotlintest.provided.ProjectConfig - Tests complete! Execution took 235 ms
16:41:26.011 [main] INFO  io.kotlintest.provided.ProjectConfig - Average test execution time: 4.090909090909091 ms
16:41:26.011 [main] INFO  io.kotlintest.provided.ProjectConfig - Current memory usage: 254 / 4062 MB
16:41:26.011 [main] INFO  io.kotlintest.provided.ProjectConfig - Maximum memory usage was 254 MB
[INFO] 
[INFO] Results:
[INFO] 
[INFO] Tests run: 11, Failures: 0, Errors: 0, Skipped: 0
[INFO] 
[INFO] 
[INFO] --------------------< de.gleex.pltcmd.model:world >---------------------
[INFO] Building World model 0.0.2-SNAPSHOT                               [7/16]
[INFO] --------------------------------[ jar ]---------------------------------
[INFO] 
[INFO] --- maven-enforcer-plugin:3.0.0-M3:enforce (enforce-upper-bound-deps) @ world ---
[INFO] 
[INFO] --- maven-resources-plugin:2.6:resources (default-resources) @ world ---
[INFO] Using 'UTF-8' encoding to copy filtered resources.
[INFO] skip non existing resourceDirectory D:\coding\git\pltcmd\model\world\src\main\resources
[INFO] 
[INFO] --- maven-compiler-plugin:3.1:compile (default-compile) @ world ---
[INFO] Nothing to compile - all classes are up to date
[INFO] 
[INFO] --- kotlin-maven-plugin:1.3.72:compile (compile) @ world ---
[INFO] 
[INFO] --- maven-resources-plugin:2.6:testResources (default-testResources) @ world ---
[INFO] Using 'UTF-8' encoding to copy filtered resources.
[INFO] skip non existing resourceDirectory D:\coding\git\pltcmd\model\world\src\test\resources
[INFO] 
[INFO] --- maven-compiler-plugin:3.1:testCompile (default-testCompile) @ world ---
[INFO] Nothing to compile - all classes are up to date
[INFO] 
[INFO] --- kotlin-maven-plugin:1.3.72:test-compile (test-compile) @ world ---
[INFO] 
[INFO] --- maven-surefire-plugin:3.0.0-M4:test (default-test) @ world ---
[INFO] 
[INFO] -------------------------------------------------------
[INFO]  T E S T S
[INFO] -------------------------------------------------------
~~~ Project Configuration ~~~
-> Parallelism: 1 thread
-> Test order: LexicographicSpecExecutionOrder
-> Soft assertations: False
-> Write spec failure file: False
-> Fail on ignored tests: False
-> Extensions
  - io.kotlintest.extensions.SystemPropertyTagExtension
  - io.kotlintest.extensions.RuntimeTagExtension
-> Listeners
  - io.kotlintest.provided.ProjectConfig$listeners$1
16:41:29.850 [main] INFO  io.kotlintest.provided.ProjectConfig - Starting tests, measuring time
16:41:29.852 [main] INFO  io.kotlintest.provided.ProjectConfig - Current memory usage: 254 / 4062 MB
[INFO] Running de.gleex.pltcmd.model.world.coordinate.CoordinateRectangleTest
16:41:29.941 [kotlintest-engine-0] INFO  io.kotlintest.provided.ProjectConfig - Starting tests de.gleex.pltcmd.model.world.coordinate.CoordinateRectangleTest
16:41:30.002 [pool-2-thread-1 @coroutine#1] INFO  io.kotlintest.provided.ProjectConfig - Execution of 'A coordinate rectangle from (000|000) to (002|003) should have a width of 3' took 5 ms
16:41:30.002 [pool-2-thread-1 @coroutine#1] INFO  io.kotlintest.provided.ProjectConfig -  - - - - - - - - - - - - - - - - - -
16:41:30.004 [pool-2-thread-1 @coroutine#1] INFO  io.kotlintest.provided.ProjectConfig - Execution of 'A coordinate rectangle from (000|000) to (002|003) should have a height of 4' took 1 ms
16:41:30.004 [pool-2-thread-1 @coroutine#1] INFO  io.kotlintest.provided.ProjectConfig -  - - - - - - - - - - - - - - - - - -
16:41:30.006 [pool-2-thread-1 @coroutine#1] INFO  io.kotlintest.provided.ProjectConfig - Execution of 'A coordinate rectangle from (000|000) to (002|003) should have a size of 12' took 1 ms
16:41:30.006 [pool-2-thread-1 @coroutine#1] INFO  io.kotlintest.provided.ProjectConfig -  - - - - - - - - - - - - - - - - - -
16:41:30.007 [pool-2-thread-1 @coroutine#1] INFO  io.kotlintest.provided.ProjectConfig - Execution of 'A coordinate rectangle from (000|000) to (002|003) should contain (000|000)' took 1 ms
16:41:30.007 [pool-2-thread-1 @coroutine#1] INFO  io.kotlintest.provided.ProjectConfig -  - - - - - - - - - - - - - - - - - -
16:41:30.008 [pool-2-thread-1 @coroutine#1] INFO  io.kotlintest.provided.ProjectConfig - Execution of 'A coordinate rectangle from (000|000) to (002|003) should contain (001|000)' took 1 ms
16:41:30.008 [pool-2-thread-1 @coroutine#1] INFO  io.kotlintest.provided.ProjectConfig -  - - - - - - - - - - - - - - - - - -
16:41:30.009 [pool-2-thread-1 @coroutine#1] INFO  io.kotlintest.provided.ProjectConfig - Execution of 'A coordinate rectangle from (000|000) to (002|003) should contain (002|000)' took 0 ms
16:41:30.009 [pool-2-thread-1 @coroutine#1] INFO  io.kotlintest.provided.ProjectConfig -  - - - - - - - - - - - - - - - - - -
16:41:30.010 [pool-2-thread-1 @coroutine#1] INFO  io.kotlintest.provided.ProjectConfig - Execution of 'A coordinate rectangle from (000|000) to (002|003) should contain (000|001)' took 1 ms
16:41:30.010 [pool-2-thread-1 @coroutine#1] INFO  io.kotlintest.provided.ProjectConfig -  - - - - - - - - - - - - - - - - - -
16:41:30.011 [pool-2-thread-1 @coroutine#1] INFO  io.kotlintest.provided.ProjectConfig - Execution of 'A coordinate rectangle from (000|000) to (002|003) should contain (001|001)' took 0 ms
16:41:30.011 [pool-2-thread-1 @coroutine#1] INFO  io.kotlintest.provided.ProjectConfig -  - - - - - - - - - - - - - - - - - -
16:41:30.012 [pool-2-thread-1 @coroutine#1] INFO  io.kotlintest.provided.ProjectConfig - Execution of 'A coordinate rectangle from (000|000) to (002|003) should contain (002|001)' took 0 ms
16:41:30.012 [pool-2-thread-1 @coroutine#1] INFO  io.kotlintest.provided.ProjectConfig -  - - - - - - - - - - - - - - - - - -
16:41:30.013 [pool-2-thread-1 @coroutine#1] INFO  io.kotlintest.provided.ProjectConfig - Execution of 'A coordinate rectangle from (000|000) to (002|003) should contain (000|002)' took 0 ms
16:41:30.013 [pool-2-thread-1 @coroutine#1] INFO  io.kotlintest.provided.ProjectConfig -  - - - - - - - - - - - - - - - - - -
16:41:30.014 [pool-2-thread-1 @coroutine#1] INFO  io.kotlintest.provided.ProjectConfig - Execution of 'A coordinate rectangle from (000|000) to (002|003) should contain (001|002)' took 0 ms
16:41:30.014 [pool-2-thread-1 @coroutine#1] INFO  io.kotlintest.provided.ProjectConfig -  - - - - - - - - - - - - - - - - - -
16:41:30.015 [pool-2-thread-1 @coroutine#1] INFO  io.kotlintest.provided.ProjectConfig - Execution of 'A coordinate rectangle from (000|000) to (002|003) should contain (002|002)' took 0 ms
16:41:30.015 [pool-2-thread-1 @coroutine#1] INFO  io.kotlintest.provided.ProjectConfig -  - - - - - - - - - - - - - - - - - -
16:41:30.016 [pool-2-thread-1 @coroutine#1] INFO  io.kotlintest.provided.ProjectConfig - Execution of 'A coordinate rectangle from (000|000) to (002|003) should contain (000|003)' took 0 ms
16:41:30.017 [pool-2-thread-1 @coroutine#1] INFO  io.kotlintest.provided.ProjectConfig -  - - - - - - - - - - - - - - - - - -
16:41:30.018 [pool-2-thread-1 @coroutine#1] INFO  io.kotlintest.provided.ProjectConfig - Execution of 'A coordinate rectangle from (000|000) to (002|003) should contain (001|003)' took 1 ms
16:41:30.018 [pool-2-thread-1 @coroutine#1] INFO  io.kotlintest.provided.ProjectConfig -  - - - - - - - - - - - - - - - - - -
16:41:30.018 [pool-2-thread-1 @coroutine#1] INFO  io.kotlintest.provided.ProjectConfig - Execution of 'A coordinate rectangle from (000|000) to (002|003) should contain (002|003)' took 0 ms
16:41:30.019 [pool-2-thread-1 @coroutine#1] INFO  io.kotlintest.provided.ProjectConfig -  - - - - - - - - - - - - - - - - - -
16:41:30.022 [pool-2-thread-1 @coroutine#1] INFO  io.kotlintest.provided.ProjectConfig - Execution of 'A coordinate rectangle from (000|000) to (002|003) should not contain (-001|-001)' took 2 ms
16:41:30.022 [pool-2-thread-1 @coroutine#1] INFO  io.kotlintest.provided.ProjectConfig -  - - - - - - - - - - - - - - - - - -
16:41:30.023 [pool-2-thread-1 @coroutine#1] INFO  io.kotlintest.provided.ProjectConfig - Execution of 'A coordinate rectangle from (000|000) to (002|003) should not contain (003|-001)' took 1 ms
16:41:30.023 [pool-2-thread-1 @coroutine#1] INFO  io.kotlintest.provided.ProjectConfig -  - - - - - - - - - - - - - - - - - -
16:41:30.024 [pool-2-thread-1 @coroutine#1] INFO  io.kotlintest.provided.ProjectConfig - Execution of 'A coordinate rectangle from (000|000) to (002|003) should not contain (-001|004)' took 1 ms
16:41:30.024 [pool-2-thread-1 @coroutine#1] INFO  io.kotlintest.provided.ProjectConfig -  - - - - - - - - - - - - - - - - - -
16:41:30.025 [pool-2-thread-1 @coroutine#1] INFO  io.kotlintest.provided.ProjectConfig - Execution of 'A coordinate rectangle from (000|000) to (002|003) should not contain (003|004)' took 1 ms
16:41:30.025 [pool-2-thread-1 @coroutine#1] INFO  io.kotlintest.provided.ProjectConfig -  - - - - - - - - - - - - - - - - - -
16:41:30.030 [pool-2-thread-1 @coroutine#1] INFO  io.kotlintest.provided.ProjectConfig - Execution of 'A coordinate rectangle from (000|000) to (002|003) should create the correct sequence' took 4 ms
16:41:30.030 [pool-2-thread-1 @coroutine#1] INFO  io.kotlintest.provided.ProjectConfig -  - - - - - - - - - - - - - - - - - -
16:41:30.030 [kotlintest-engine-0] INFO  io.kotlintest.provided.ProjectConfig - Finished tests de.gleex.pltcmd.model.world.coordinate.CoordinateRectangleTest
16:41:30.030 [kotlintest-engine-0] INFO  io.kotlintest.provided.ProjectConfig - Current memory usage: 254 / 4062 MB
[INFO] Tests run: 20, Failures: 0, Errors: 0, Skipped: 0, Time elapsed: 0.155 s - in de.gleex.pltcmd.model.world.coordinate.CoordinateRectangleTest
[INFO] Running de.gleex.pltcmd.model.world.coordinate.CoordinateTest
16:41:30.049 [kotlintest-engine-0] INFO  io.kotlintest.provided.ProjectConfig - Starting tests de.gleex.pltcmd.model.world.coordinate.CoordinateTest
16:41:30.052 [pool-3-thread-1 @coroutine#44] INFO  io.kotlintest.provided.ProjectConfig - Execution of 'A coordinate (123|345) should have main coordinate (1|3)' took 0 ms
16:41:30.052 [pool-3-thread-1 @coroutine#44] INFO  io.kotlintest.provided.ProjectConfig -  - - - - - - - - - - - - - - - - - -
16:41:30.055 [pool-3-thread-1 @coroutine#44] INFO  io.kotlintest.provided.ProjectConfig - Execution of 'A coordinate (123|345) should return the correct Coordinate when moving it east/west' took 2 ms
16:41:30.055 [pool-3-thread-1 @coroutine#44] INFO  io.kotlintest.provided.ProjectConfig -  - - - - - - - - - - - - - - - - - -
16:41:30.057 [pool-3-thread-1 @coroutine#44] INFO  io.kotlintest.provided.ProjectConfig - Execution of 'A coordinate (123|345) should return the correct Coordinate when moving it north/south' took 1 ms
16:41:30.057 [pool-3-thread-1 @coroutine#44] INFO  io.kotlintest.provided.ProjectConfig -  - - - - - - - - - - - - - - - - - -
16:41:30.069 [pool-3-thread-1 @coroutine#44] INFO  io.kotlintest.provided.ProjectConfig - Execution of 'A coordinate (123|345) should must be subtract able' took 11 ms
16:41:30.069 [pool-3-thread-1 @coroutine#44] INFO  io.kotlintest.provided.ProjectConfig -  - - - - - - - - - - - - - - - - - -
16:41:30.074 [pool-3-thread-1 @coroutine#44] INFO  io.kotlintest.provided.ProjectConfig - Execution of 'A coordinate (123|345) when compared to (123|344) should be bigger (because of higher northing)' took 1 ms
16:41:30.074 [pool-3-thread-1 @coroutine#44] INFO  io.kotlintest.provided.ProjectConfig -  - - - - - - - - - - - - - - - - - -
16:41:30.078 [pool-3-thread-1 @coroutine#44] INFO  io.kotlintest.provided.ProjectConfig - Execution of 'A coordinate (123|345) when being compared with (123|344) should be less (because of lower northing)' took 1 ms
16:41:30.078 [pool-3-thread-1 @coroutine#44] INFO  io.kotlintest.provided.ProjectConfig -  - - - - - - - - - - - - - - - - - -
16:41:30.081 [pool-3-thread-1 @coroutine#44] INFO  io.kotlintest.provided.ProjectConfig - Execution of 'A coordinate (123|345) when compared to (122|345) should be bigger (because of higher easting)' took 1 ms
16:41:30.081 [pool-3-thread-1 @coroutine#44] INFO  io.kotlintest.provided.ProjectConfig -  - - - - - - - - - - - - - - - - - -
16:41:30.084 [pool-3-thread-1 @coroutine#44] INFO  io.kotlintest.provided.ProjectConfig - Execution of 'A coordinate (123|345) when being compared with (122|345) should be less (because of lower easting)' took 1 ms
16:41:30.084 [pool-3-thread-1 @coroutine#44] INFO  io.kotlintest.provided.ProjectConfig -  - - - - - - - - - - - - - - - - - -
16:41:30.087 [pool-3-thread-1 @coroutine#44] INFO  io.kotlintest.provided.ProjectConfig - Execution of 'A coordinate (123|345) when compared to itself should be 0' took 0 ms
16:41:30.087 [pool-3-thread-1 @coroutine#44] INFO  io.kotlintest.provided.ProjectConfig -  - - - - - - - - - - - - - - - - - -
16:41:30.092 [pool-3-thread-1 @coroutine#44] INFO  io.kotlintest.provided.ProjectConfig - Execution of 'A list of 9 coordinates should have the correct order when sorted' took 3 ms
16:41:30.092 [pool-3-thread-1 @coroutine#44] INFO  io.kotlintest.provided.ProjectConfig -  - - - - - - - - - - - - - - - - - -
16:41:30.160 [pool-3-thread-1 @coroutine#84] INFO  d.g.p.m.w.coordinate.CoordinateTest - checked 1000 different string representations of Coordinate
16:41:30.160 [pool-3-thread-1 @coroutine#44] INFO  io.kotlintest.provided.ProjectConfig - Execution of 'The string representation of a coordinate in the form of (xxx|yyy) should always have a length of at least 9 and match '\((-?\d{3,})\|(-?\d{3,})\)'' took 67 ms
16:41:30.160 [pool-3-thread-1 @coroutine#44] INFO  io.kotlintest.provided.ProjectConfig -  - - - - - - - - - - - - - - - - - -
16:41:30.162 [pool-3-thread-1 @coroutine#44] INFO  io.kotlintest.provided.ProjectConfig - Execution of 'The string representation of a coordinate in the form of (xxx|yyy) should be (123|345) for (123|345)' took 1 ms
16:41:30.162 [pool-3-thread-1 @coroutine#44] INFO  io.kotlintest.provided.ProjectConfig -  - - - - - - - - - - - - - - - - - -
16:41:30.164 [pool-3-thread-1 @coroutine#44] INFO  io.kotlintest.provided.ProjectConfig - Execution of 'The string representation of a coordinate in the form of (xxx|yyy) should be padded for single digits' took 1 ms
16:41:30.164 [pool-3-thread-1 @coroutine#44] INFO  io.kotlintest.provided.ProjectConfig -  - - - - - - - - - - - - - - - - - -
16:41:30.165 [pool-3-thread-1 @coroutine#44] INFO  io.kotlintest.provided.ProjectConfig - Execution of 'The string representation of a coordinate in the form of (xxx|yyy) should be padded for two digits' took 1 ms
16:41:30.165 [pool-3-thread-1 @coroutine#44] INFO  io.kotlintest.provided.ProjectConfig -  - - - - - - - - - - - - - - - - - -
16:41:30.173 [pool-3-thread-1 @coroutine#44] INFO  io.kotlintest.provided.ProjectConfig - Execution of 'A coordinate created from a string should be valid when created from string '(001|001)'' took 3 ms
16:41:30.173 [pool-3-thread-1 @coroutine#44] INFO  io.kotlintest.provided.ProjectConfig -  - - - - - - - - - - - - - - - - - -
16:41:30.174 [pool-3-thread-1 @coroutine#44] INFO  io.kotlintest.provided.ProjectConfig - Execution of 'A coordinate created from a string should be valid when created from string '(000|000)'' took 1 ms
16:41:30.174 [pool-3-thread-1 @coroutine#44] INFO  io.kotlintest.provided.ProjectConfig -  - - - - - - - - - - - - - - - - - -
16:41:30.175 [pool-3-thread-1 @coroutine#44] INFO  io.kotlintest.provided.ProjectConfig - Execution of 'A coordinate created from a string should be valid when created from string '(-100|001)'' took 1 ms
16:41:30.175 [pool-3-thread-1 @coroutine#44] INFO  io.kotlintest.provided.ProjectConfig -  - - - - - - - - - - - - - - - - - -
16:41:30.175 [pool-3-thread-1 @coroutine#44] INFO  io.kotlintest.provided.ProjectConfig - Execution of 'A coordinate created from a string should be valid when created from string '(001|-100)'' took 0 ms
16:41:30.175 [pool-3-thread-1 @coroutine#44] INFO  io.kotlintest.provided.ProjectConfig -  - - - - - - - - - - - - - - - - - -
16:41:30.176 [pool-3-thread-1 @coroutine#44] INFO  io.kotlintest.provided.ProjectConfig - Execution of 'A coordinate created from a string should be valid when created from string '(-100|-100)'' took 0 ms
16:41:30.176 [pool-3-thread-1 @coroutine#44] INFO  io.kotlintest.provided.ProjectConfig -  - - - - - - - - - - - - - - - - - -
16:41:30.181 [pool-3-thread-1 @coroutine#44] INFO  io.kotlintest.provided.ProjectConfig - Execution of 'A coordinate created from a string should be valid when created from string '(-123456789|123456789)'' took 1 ms
16:41:30.181 [pool-3-thread-1 @coroutine#44] INFO  io.kotlintest.provided.ProjectConfig -  - - - - - - - - - - - - - - - - - -
16:41:30.181 [pool-3-thread-1 @coroutine#44] INFO  io.kotlintest.provided.ProjectConfig - Execution of 'A coordinate created from a string should be valid when created from string '    (-100|-100)	'' took 0 ms
16:41:30.181 [pool-3-thread-1 @coroutine#44] INFO  io.kotlintest.provided.ProjectConfig -  - - - - - - - - - - - - - - - - - -
16:41:30.185 [pool-3-thread-1 @coroutine#44] INFO  io.kotlintest.provided.ProjectConfig - Execution of 'A coordinate created from a string should be null when created from invalid string '(123456789|1)'' took 1 ms
16:41:30.185 [pool-3-thread-1 @coroutine#44] INFO  io.kotlintest.provided.ProjectConfig -  - - - - - - - - - - - - - - - - - -
16:41:30.186 [pool-3-thread-1 @coroutine#44] INFO  io.kotlintest.provided.ProjectConfig - Execution of 'A coordinate created from a string should be null when created from invalid string '(123456789|11)'' took 0 ms
16:41:30.186 [pool-3-thread-1 @coroutine#44] INFO  io.kotlintest.provided.ProjectConfig -  - - - - - - - - - - - - - - - - - -
16:41:30.187 [pool-3-thread-1 @coroutine#44] INFO  io.kotlintest.provided.ProjectConfig - Execution of 'A coordinate created from a string should be null when created from invalid string '(123456789|-11)'' took 1 ms
16:41:30.187 [pool-3-thread-1 @coroutine#44] INFO  io.kotlintest.provided.ProjectConfig -  - - - - - - - - - - - - - - - - - -
16:41:30.188 [pool-3-thread-1 @coroutine#44] INFO  io.kotlintest.provided.ProjectConfig - Execution of 'A coordinate created from a string should be null when created from invalid string '(00a1|001)'' took 1 ms
16:41:30.188 [pool-3-thread-1 @coroutine#44] INFO  io.kotlintest.provided.ProjectConfig -  - - - - - - - - - - - - - - - - - -
16:41:30.188 [pool-3-thread-1 @coroutine#44] INFO  io.kotlintest.provided.ProjectConfig - Execution of 'A coordinate created from a string should be null when created from invalid string '(|000)'' took 0 ms
16:41:30.188 [pool-3-thread-1 @coroutine#44] INFO  io.kotlintest.provided.ProjectConfig -  - - - - - - - - - - - - - - - - - -
16:41:30.189 [pool-3-thread-1 @coroutine#44] INFO  io.kotlintest.provided.ProjectConfig - Execution of 'A coordinate created from a string should be null when created from invalid string '(--100|001)'' took 0 ms
16:41:30.189 [pool-3-thread-1 @coroutine#44] INFO  io.kotlintest.provided.ProjectConfig -  - - - - - - - - - - - - - - - - - -
16:41:30.190 [pool-3-thread-1 @coroutine#44] INFO  io.kotlintest.provided.ProjectConfig - Execution of 'A coordinate created from a string should be null when created from invalid string '001|-100)'' took 1 ms
16:41:30.190 [pool-3-thread-1 @coroutine#44] INFO  io.kotlintest.provided.ProjectConfig -  - - - - - - - - - - - - - - - - - -
16:41:30.191 [pool-3-thread-1 @coroutine#44] INFO  io.kotlintest.provided.ProjectConfig - Execution of 'A coordinate created from a string should be null when created from invalid string '(-100-100)'' took 1 ms
16:41:30.191 [pool-3-thread-1 @coroutine#44] INFO  io.kotlintest.provided.ProjectConfig -  - - - - - - - - - - - - - - - - - -
16:41:30.191 [pool-3-thread-1 @coroutine#44] INFO  io.kotlintest.provided.ProjectConfig - Execution of 'A coordinate created from a string should be null when created from invalid string '(123456789|1'' took 0 ms
16:41:30.191 [pool-3-thread-1 @coroutine#44] INFO  io.kotlintest.provided.ProjectConfig -  - - - - - - - - - - - - - - - - - -
16:41:30.192 [pool-3-thread-1 @coroutine#44] INFO  io.kotlintest.provided.ProjectConfig - Execution of 'A coordinate created from a string should be null when created from invalid string ''' took 1 ms
16:41:30.192 [pool-3-thread-1 @coroutine#44] INFO  io.kotlintest.provided.ProjectConfig -  - - - - - - - - - - - - - - - - - -
16:41:30.192 [pool-3-thread-1 @coroutine#44] INFO  io.kotlintest.provided.ProjectConfig - Execution of 'A coordinate created from a string should be null when created from invalid string '     '' took 0 ms
16:41:30.193 [pool-3-thread-1 @coroutine#44] INFO  io.kotlintest.provided.ProjectConfig -  - - - - - - - - - - - - - - - - - -
16:41:30.193 [pool-3-thread-1 @coroutine#44] INFO  io.kotlintest.provided.ProjectConfig - Execution of 'A coordinate created from a string should be null when created from invalid string 'coordinate'' took 0 ms
16:41:30.193 [pool-3-thread-1 @coroutine#44] INFO  io.kotlintest.provided.ProjectConfig -  - - - - - - - - - - - - - - - - - -
16:41:30.194 [kotlintest-engine-0] INFO  io.kotlintest.provided.ProjectConfig - Finished tests de.gleex.pltcmd.model.world.coordinate.CoordinateTest
16:41:30.194 [kotlintest-engine-0] INFO  io.kotlintest.provided.ProjectConfig - Current memory usage: 254 / 4062 MB
[INFO] Tests run: 33, Failures: 0, Errors: 0, Skipped: 0, Time elapsed: 0.159 s - in de.gleex.pltcmd.model.world.coordinate.CoordinateTest
[INFO] Running de.gleex.pltcmd.model.world.coordinate.MainCoordinateTest
16:41:30.212 [kotlintest-engine-0] INFO  io.kotlintest.provided.ProjectConfig - Starting tests de.gleex.pltcmd.model.world.coordinate.MainCoordinateTest
16:41:30.215 [pool-4-thread-1 @coroutine#131] INFO  io.kotlintest.provided.ProjectConfig - Execution of 'The origin of main coordinate (5|9) should be (500|900)' took 0 ms
16:41:30.215 [pool-4-thread-1 @coroutine#131] INFO  io.kotlintest.provided.ProjectConfig -  - - - - - - - - - - - - - - - - - -
16:41:30.218 [pool-4-thread-1 @coroutine#131] INFO  io.kotlintest.provided.ProjectConfig - Execution of 'A negative main coordinate converted to a coordinate should be (-500|-9800)' took 1 ms
16:41:30.218 [pool-4-thread-1 @coroutine#131] INFO  io.kotlintest.provided.ProjectConfig -  - - - - - - - - - - - - - - - - - -
16:41:30.229 [pool-4-thread-1 @coroutine#131] INFO  io.kotlintest.provided.ProjectConfig - Execution of 'The string representation of a main coordinate in the form of (x|y) should always have a length of at least 5 and match '\(-?\d+\|-?\d+\)'' took 9 ms
16:41:30.230 [pool-4-thread-1 @coroutine#131] INFO  io.kotlintest.provided.ProjectConfig -  - - - - - - - - - - - - - - - - - -
16:41:30.231 [pool-4-thread-1 @coroutine#131] INFO  io.kotlintest.provided.ProjectConfig - Execution of 'The string representation of a main coordinate in the form of (x|y) should be (5|9) for (5|9)' took 1 ms
16:41:30.231 [pool-4-thread-1 @coroutine#131] INFO  io.kotlintest.provided.ProjectConfig -  - - - - - - - - - - - - - - - - - -
16:41:30.232 [kotlintest-engine-0] INFO  io.kotlintest.provided.ProjectConfig - Finished tests de.gleex.pltcmd.model.world.coordinate.MainCoordinateTest
16:41:30.232 [kotlintest-engine-0] INFO  io.kotlintest.provided.ProjectConfig - Current memory usage: 254 / 4062 MB
[INFO] Tests run: 4, Failures: 0, Errors: 0, Skipped: 0, Time elapsed: 0.022 s - in de.gleex.pltcmd.model.world.coordinate.MainCoordinateTest
[INFO] Running de.gleex.pltcmd.model.world.SectorTest
16:41:30.237 [kotlintest-engine-0] INFO  io.kotlintest.provided.ProjectConfig - Starting tests de.gleex.pltcmd.model.world.SectorTest
16:41:30.252 [pool-5-thread-1 @coroutine#146] INFO  io.kotlintest.provided.ProjectConfig - Execution of 'A sector created at origin (150|700) should have 2500 tiles' took 1 ms
16:41:30.252 [pool-5-thread-1 @coroutine#146] INFO  io.kotlintest.provided.ProjectConfig -  - - - - - - - - - - - - - - - - - -
16:41:30.260 [pool-5-thread-1 @coroutine#146] INFO  io.kotlintest.provided.ProjectConfig - Execution of 'A sector created at origin (150|700) should have only tiles with easting in 150..199 and northing in 700..749' took 7 ms
16:41:30.260 [pool-5-thread-1 @coroutine#146] INFO  io.kotlintest.provided.ProjectConfig -  - - - - - - - - - - - - - - - - - -
16:41:30.272 [pool-5-thread-1 @coroutine#146] INFO  io.kotlintest.provided.ProjectConfig - Execution of 'A sector should fail to generate if the origin is not a sector origin' took 10 ms
16:41:30.272 [pool-5-thread-1 @coroutine#146] INFO  io.kotlintest.provided.ProjectConfig -  - - - - - - - - - - - - - - - - - -
16:41:30.274 [pool-5-thread-1 @coroutine#146] INFO  io.kotlintest.provided.ProjectConfig - Execution of 'A sector should not be valid with only one tile' took 1 ms
16:41:30.274 [pool-5-thread-1 @coroutine#146] INFO  io.kotlintest.provided.ProjectConfig -  - - - - - - - - - - - - - - - - - -
16:41:30.274 [kotlintest-engine-0] INFO  io.kotlintest.provided.ProjectConfig - Finished tests de.gleex.pltcmd.model.world.SectorTest
16:41:30.274 [kotlintest-engine-0] INFO  io.kotlintest.provided.ProjectConfig - Current memory usage: 254 / 4062 MB
[INFO] Tests run: 4, Failures: 0, Errors: 0, Skipped: 0, Time elapsed: 0.04 s - in de.gleex.pltcmd.model.world.SectorTest
[INFO] Running de.gleex.pltcmd.model.world.terrain.TerrainHeightTest
16:41:30.285 [kotlintest-engine-0] INFO  io.kotlintest.provided.ProjectConfig - Starting tests de.gleex.pltcmd.model.world.terrain.TerrainHeightTest
16:41:30.287 [pool-6-thread-1 @coroutine#159] INFO  io.kotlintest.provided.ProjectConfig - Execution of 'Max terrain height should be TEN' took 2 ms
16:41:30.288 [pool-6-thread-1 @coroutine#159] INFO  io.kotlintest.provided.ProjectConfig -  - - - - - - - - - - - - - - - - - -
16:41:30.289 [pool-6-thread-1 @coroutine#159] INFO  io.kotlintest.provided.ProjectConfig - Execution of 'Min terrain height should be ONE' took 1 ms
16:41:30.289 [pool-6-thread-1 @coroutine#159] INFO  io.kotlintest.provided.ProjectConfig -  - - - - - - - - - - - - - - - - - -
16:41:30.290 [pool-6-thread-1 @coroutine#159] INFO  io.kotlintest.provided.ProjectConfig - Execution of 'One plus one is two :)' took 1 ms
16:41:30.290 [pool-6-thread-1 @coroutine#159] INFO  io.kotlintest.provided.ProjectConfig -  - - - - - - - - - - - - - - - - - -
16:41:30.291 [pool-6-thread-1 @coroutine#159] INFO  io.kotlintest.provided.ProjectConfig - Execution of 'Adding to the max should have no effect' took 0 ms
16:41:30.291 [pool-6-thread-1 @coroutine#159] INFO  io.kotlintest.provided.ProjectConfig -  - - - - - - - - - - - - - - - - - -
16:41:30.292 [pool-6-thread-1 @coroutine#159] INFO  io.kotlintest.provided.ProjectConfig - Execution of 'Subtraction should work, too' took 1 ms
16:41:30.292 [pool-6-thread-1 @coroutine#159] INFO  io.kotlintest.provided.ProjectConfig -  - - - - - - - - - - - - - - - - - -
16:41:30.293 [pool-6-thread-1 @coroutine#159] INFO  io.kotlintest.provided.ProjectConfig - Execution of 'Subtracting from min should have no effect' took 1 ms
16:41:30.293 [pool-6-thread-1 @coroutine#159] INFO  io.kotlintest.provided.ProjectConfig -  - - - - - - - - - - - - - - - - - -
16:41:30.293 [kotlintest-engine-0] INFO  io.kotlintest.provided.ProjectConfig - Finished tests de.gleex.pltcmd.model.world.terrain.TerrainHeightTest
16:41:30.293 [kotlintest-engine-0] INFO  io.kotlintest.provided.ProjectConfig - Current memory usage: 254 / 4062 MB
[INFO] Tests run: 6, Failures: 0, Errors: 0, Skipped: 0, Time elapsed: 0.012 s - in de.gleex.pltcmd.model.world.terrain.TerrainHeightTest
[INFO] Running de.gleex.pltcmd.model.world.WorldMapTest
16:41:30.296 [kotlintest-engine-0] INFO  io.kotlintest.provided.ProjectConfig - Starting tests de.gleex.pltcmd.model.world.WorldMapTest
16:41:30.299 [pool-7-thread-1 @coroutine#172] INFO  io.kotlintest.provided.ProjectConfig - Execution of 'A WorldMap should not be empty' took 1 ms
16:41:30.299 [pool-7-thread-1 @coroutine#172] INFO  io.kotlintest.provided.ProjectConfig -  - - - - - - - - - - - - - - - - - -
16:41:31.046 [pool-7-thread-1 @coroutine#172] INFO  io.kotlintest.provided.ProjectConfig - Execution of 'A WorldMap should be square when calculating its size' took 747 ms
16:41:31.046 [pool-7-thread-1 @coroutine#172] INFO  io.kotlintest.provided.ProjectConfig -  - - - - - - - - - - - - - - - - - -
16:41:31.047 [kotlintest-engine-0] INFO  io.kotlintest.provided.ProjectConfig - Finished tests de.gleex.pltcmd.model.world.WorldMapTest
16:41:31.047 [kotlintest-engine-0] INFO  io.kotlintest.provided.ProjectConfig - Current memory usage: 613 / 4062 MB
[INFO] Tests run: 2, Failures: 0, Errors: 0, Skipped: 0, Time elapsed: 0.751 s - in de.gleex.pltcmd.model.world.WorldMapTest
[INFO] Running de.gleex.pltcmd.model.world.WorldTileTest
16:41:31.050 [kotlintest-engine-0] INFO  io.kotlintest.provided.ProjectConfig - Starting tests de.gleex.pltcmd.model.world.WorldTileTest
16:41:31.051 [pool-8-thread-1 @coroutine#179] INFO  io.kotlintest.provided.ProjectConfig - Execution of 'Two WorldTiles with the same coordinate should be equal' took 0 ms
16:41:31.051 [pool-8-thread-1 @coroutine#179] INFO  io.kotlintest.provided.ProjectConfig -  - - - - - - - - - - - - - - - - - -
16:41:31.051 [kotlintest-engine-0] INFO  io.kotlintest.provided.ProjectConfig - Finished tests de.gleex.pltcmd.model.world.WorldTileTest
16:41:31.051 [kotlintest-engine-0] INFO  io.kotlintest.provided.ProjectConfig - Current memory usage: 613 / 4062 MB
[INFO] Tests run: 1, Failures: 0, Errors: 0, Skipped: 0, Time elapsed: 0.003 s - in de.gleex.pltcmd.model.world.WorldTileTest
16:41:31.052 [main] INFO  io.kotlintest.provided.ProjectConfig - Tests complete! Execution took 1200 ms
16:41:31.052 [main] INFO  io.kotlintest.provided.ProjectConfig - Average test execution time: 12.957142857142857 ms
16:41:31.052 [main] INFO  io.kotlintest.provided.ProjectConfig - Current memory usage: 613 / 4062 MB
16:41:31.053 [main] INFO  io.kotlintest.provided.ProjectConfig - Maximum memory usage was 613 MB
[INFO] 
[INFO] Results:
[INFO] 
[INFO] Tests run: 70, Failures: 0, Errors: 0, Skipped: 0
[INFO] 
[INFO] 
[INFO] ----------------< de.gleex.pltcmd.model:mapgeneration >-----------------
[INFO] Building Map generation 0.0.2-SNAPSHOT                            [8/16]
[INFO] --------------------------------[ jar ]---------------------------------
[INFO] 
[INFO] --- maven-enforcer-plugin:3.0.0-M3:enforce (enforce-upper-bound-deps) @ mapgeneration ---
[INFO] 
[INFO] --- maven-resources-plugin:2.6:resources (default-resources) @ mapgeneration ---
[INFO] Using 'UTF-8' encoding to copy filtered resources.
[INFO] skip non existing resourceDirectory D:\coding\git\pltcmd\model\mapgeneration\src\main\resources
[INFO] 
[INFO] --- maven-compiler-plugin:3.1:compile (default-compile) @ mapgeneration ---
[INFO] Nothing to compile - all classes are up to date
[INFO] 
[INFO] --- kotlin-maven-plugin:1.3.72:compile (compile) @ mapgeneration ---
[WARNING] D:\coding\git\pltcmd\model\mapgeneration\src\main\kotlin\de\gleex\pltcmd\model\mapgeneration\mapgenerators\intermediate\PlainsGenerator.kt: (47, 60) Parameter 'area' is never used
[INFO] 
[INFO] --- maven-resources-plugin:2.6:testResources (default-testResources) @ mapgeneration ---
[INFO] Using 'UTF-8' encoding to copy filtered resources.
[INFO] skip non existing resourceDirectory D:\coding\git\pltcmd\model\mapgeneration\src\test\resources
[INFO] 
[INFO] --- maven-compiler-plugin:3.1:testCompile (default-testCompile) @ mapgeneration ---
[INFO] Nothing to compile - all classes are up to date
[INFO] 
[INFO] --- kotlin-maven-plugin:1.3.72:test-compile (test-compile) @ mapgeneration ---
[INFO] 
[INFO] --- maven-surefire-plugin:3.0.0-M4:test (default-test) @ mapgeneration ---
[INFO] 
[INFO] -------------------------------------------------------
[INFO]  T E S T S
[INFO] -------------------------------------------------------
~~~ Project Configuration ~~~
-> Parallelism: 1 thread
-> Test order: LexicographicSpecExecutionOrder
-> Soft assertations: False
-> Write spec failure file: False
-> Fail on ignored tests: False
-> Extensions
  - io.kotlintest.extensions.SystemPropertyTagExtension
  - io.kotlintest.extensions.RuntimeTagExtension
-> Listeners
  - io.kotlintest.provided.ProjectConfig$listeners$1
16:41:35.191 [main] INFO  io.kotlintest.provided.ProjectConfig - Starting tests, measuring time
16:41:35.193 [main] INFO  io.kotlintest.provided.ProjectConfig - Current memory usage: 254 / 4062 MB
16:41:35.213 [kotlintest-engine-0] DEBUG d.g.p.m.m.d.DijkstraMapOfCoordinates - Created dijkstra map with 9 entries and 1 targets with value 0. Max Distance: 2
[INFO] Running de.gleex.pltcmd.model.mapgeneration.dijkstra.DijkstraMapOfCoordinatesTest
16:41:35.281 [kotlintest-engine-0] INFO  io.kotlintest.provided.ProjectConfig - Starting tests de.gleex.pltcmd.model.mapgeneration.dijkstra.DijkstraMapOfCoordinatesTest
16:41:35.346 [pool-2-thread-1 @coroutine#1] INFO  io.kotlintest.provided.ProjectConfig - Execution of 'A simple 3 by 3 coordinates map should have a max distance of 2' took 10 ms
16:41:35.346 [pool-2-thread-1 @coroutine#1] INFO  io.kotlintest.provided.ProjectConfig -  - - - - - - - - - - - - - - - - - -
16:41:35.351 [pool-2-thread-1 @coroutine#1] INFO  io.kotlintest.provided.ProjectConfig - Execution of 'A simple 3 by 3 coordinates map should have 1 target' took 4 ms
16:41:35.351 [pool-2-thread-1 @coroutine#1] INFO  io.kotlintest.provided.ProjectConfig -  - - - - - - - - - - - - - - - - - -
16:41:35.359 [pool-2-thread-1 @coroutine#1] INFO  io.kotlintest.provided.ProjectConfig - Execution of 'A simple 3 by 3 coordinates map should return correct paths' took 6 ms
16:41:35.359 [pool-2-thread-1 @coroutine#1] INFO  io.kotlintest.provided.ProjectConfig -  - - - - - - - - - - - - - - - - - -
16:41:35.361 [pool-2-thread-1 @coroutine#1] INFO  io.kotlintest.provided.ProjectConfig - Execution of 'A simple 3 by 3 coordinates map should create a path to a negative target value' took 1 ms
16:41:35.361 [pool-2-thread-1 @coroutine#1] INFO  io.kotlintest.provided.ProjectConfig -  - - - - - - - - - - - - - - - - - -
16:41:35.365 [pool-2-thread-1 @coroutine#1] INFO  io.kotlintest.provided.ProjectConfig - Execution of 'A simple 3 by 3 coordinates map should never create paths longer than 3 entries' took 3 ms
16:41:35.366 [pool-2-thread-1 @coroutine#1] INFO  io.kotlintest.provided.ProjectConfig -  - - - - - - - - - - - - - - - - - -
16:41:35.369 [pool-2-thread-1 @coroutine#1] INFO  io.kotlintest.provided.ProjectConfig - Execution of 'An empty map should not be allowed' took 1 ms
16:41:35.369 [pool-2-thread-1 @coroutine#1] INFO  io.kotlintest.provided.ProjectConfig -  - - - - - - - - - - - - - - - - - -
16:41:35.369 [kotlintest-engine-0] INFO  io.kotlintest.provided.ProjectConfig - Finished tests de.gleex.pltcmd.model.mapgeneration.dijkstra.DijkstraMapOfCoordinatesTest
16:41:35.369 [kotlintest-engine-0] INFO  io.kotlintest.provided.ProjectConfig - Current memory usage: 254 / 4062 MB
[INFO] Tests run: 6, Failures: 0, Errors: 0, Skipped: 0, Time elapsed: 0.152 s - in de.gleex.pltcmd.model.mapgeneration.dijkstra.DijkstraMapOfCoordinatesTest
[INFO] Running de.gleex.pltcmd.model.mapgeneration.dijkstra.DijkstraMapTest
16:41:35.379 [kotlintest-engine-0] INFO  io.kotlintest.provided.ProjectConfig - Starting tests de.gleex.pltcmd.model.mapgeneration.dijkstra.DijkstraMapTest
16:41:35.386 [pool-3-thread-1 @coroutine#18] INFO  io.kotlintest.provided.ProjectConfig - Execution of 'A map with only a target should should have a distance of 0 from (002|003)' took 3 ms
16:41:35.386 [pool-3-thread-1 @coroutine#18] INFO  io.kotlintest.provided.ProjectConfig -  - - - - - - - - - - - - - - - - - -
16:41:35.387 [pool-3-thread-1 @coroutine#18] INFO  io.kotlintest.provided.ProjectConfig - Execution of 'A map with only a target should should have another distance of 0 when adding another target' took 1 ms
16:41:35.387 [pool-3-thread-1 @coroutine#18] INFO  io.kotlintest.provided.ProjectConfig -  - - - - - - - - - - - - - - - - - -
16:41:35.390 [pool-3-thread-1 @coroutine#18] INFO  io.kotlintest.provided.ProjectConfig - Execution of 'A map with only a target should should not calculate any paths except from the target' took 2 ms
16:41:35.390 [pool-3-thread-1 @coroutine#18] INFO  io.kotlintest.provided.ProjectConfig -  - - - - - - - - - - - - - - - - - -
16:41:35.392 [pool-3-thread-1 @coroutine#18] INFO  io.kotlintest.provided.ProjectConfig - Execution of 'A map with 3 nodes should have no path from a coordinate outside' took 0 ms
16:41:35.393 [pool-3-thread-1 @coroutine#18] INFO  io.kotlintest.provided.ProjectConfig -  - - - - - - - - - - - - - - - - - -
16:41:35.394 [pool-3-thread-1 @coroutine#18] INFO  io.kotlintest.provided.ProjectConfig - Execution of 'A map with 3 nodes should have a correct full path' took 1 ms
16:41:35.394 [pool-3-thread-1 @coroutine#18] INFO  io.kotlintest.provided.ProjectConfig -  - - - - - - - - - - - - - - - - - -
16:41:35.395 [pool-3-thread-1 @coroutine#18] INFO  io.kotlintest.provided.ProjectConfig - Execution of 'A map with 3 nodes should have a path of 2 nodes when starting at the second' took 0 ms
16:41:35.395 [pool-3-thread-1 @coroutine#18] INFO  io.kotlintest.provided.ProjectConfig -  - - - - - - - - - - - - - - - - - -
16:41:35.396 [kotlintest-engine-0] INFO  io.kotlintest.provided.ProjectConfig - Finished tests de.gleex.pltcmd.model.mapgeneration.dijkstra.DijkstraMapTest
16:41:35.396 [kotlintest-engine-0] INFO  io.kotlintest.provided.ProjectConfig - Current memory usage: 254 / 4062 MB
[INFO] Tests run: 6, Failures: 0, Errors: 0, Skipped: 0, Time elapsed: 0.019 s - in de.gleex.pltcmd.model.mapgeneration.dijkstra.DijkstraMapTest
[INFO] Running de.gleex.pltcmd.model.mapgeneration.mapgenerators.areafinder.EmptyRectangleAreaFinderTest
16:41:35.410 [kotlintest-engine-0] INFO  io.kotlintest.provided.ProjectConfig - Starting tests de.gleex.pltcmd.model.mapgeneration.mapgenerators.areafinder.EmptyRectangleAreaFinderTest
16:41:35.425 [pool-4-thread-1 @coroutine#39] DEBUG d.g.p.m.m.m.a.EmptyRectangleAreaFinder - Found 1 empty rectangles in 6 ms
16:41:35.427 [pool-4-thread-1 @coroutine#35] INFO  io.kotlintest.provided.ProjectConfig - Execution of 'empty world should find all coordinates in a single rectangle' took 9 ms
16:41:35.427 [pool-4-thread-1 @coroutine#35] INFO  io.kotlintest.provided.ProjectConfig -  - - - - - - - - - - - - - - - - - -
16:41:35.435 [pool-4-thread-1 @coroutine#41] DEBUG d.g.p.m.m.m.a.EmptyRectangleAreaFinder - Found 2 empty rectangles in 3 ms
16:41:35.439 [pool-4-thread-1 @coroutine#35] INFO  io.kotlintest.provided.ProjectConfig - Execution of 'with terrain type at origin should find rectangle beside origin to the end of the world' took 3 ms
16:41:35.439 [pool-4-thread-1 @coroutine#35] INFO  io.kotlintest.provided.ProjectConfig -  - - - - - - - - - - - - - - - - - -
16:41:35.441 [pool-4-thread-1 @coroutine#35] INFO  io.kotlintest.provided.ProjectConfig - Execution of 'with terrain type at origin should find column above origin' took 1 ms
16:41:35.441 [pool-4-thread-1 @coroutine#35] INFO  io.kotlintest.provided.ProjectConfig -  - - - - - - - - - - - - - - - - - -
16:41:35.445 [pool-4-thread-1 @coroutine#47] DEBUG d.g.p.m.m.m.a.EmptyRectangleAreaFinder - Found 2 empty rectangles in 2 ms
16:41:35.446 [pool-4-thread-1 @coroutine#35] INFO  io.kotlintest.provided.ProjectConfig - Execution of 'with terrain height at origin should find rectangle beside origin to the end of the world' took 1 ms
16:41:35.447 [pool-4-thread-1 @coroutine#35] INFO  io.kotlintest.provided.ProjectConfig -  - - - - - - - - - - - - - - - - - -
16:41:35.447 [pool-4-thread-1 @coroutine#35] INFO  io.kotlintest.provided.ProjectConfig - Execution of 'with terrain height at origin should find column above origin' took 0 ms
16:41:35.447 [pool-4-thread-1 @coroutine#35] INFO  io.kotlintest.provided.ProjectConfig -  - - - - - - - - - - - - - - - - - -
16:41:35.452 [pool-4-thread-1 @coroutine#53] DEBUG d.g.p.m.m.m.a.EmptyRectangleAreaFinder - Found 2 empty rectangles in 2 ms
16:41:35.453 [pool-4-thread-1 @coroutine#35] INFO  io.kotlintest.provided.ProjectConfig - Execution of 'with full terrain at origin should find rectangle beside origin to the end of the world' took 1 ms
16:41:35.453 [pool-4-thread-1 @coroutine#35] INFO  io.kotlintest.provided.ProjectConfig -  - - - - - - - - - - - - - - - - - -
16:41:35.454 [pool-4-thread-1 @coroutine#35] INFO  io.kotlintest.provided.ProjectConfig - Execution of 'with full terrain at origin should find column above origin' took 1 ms
16:41:35.454 [pool-4-thread-1 @coroutine#35] INFO  io.kotlintest.provided.ProjectConfig -  - - - - - - - - - - - - - - - - - -
16:41:35.455 [kotlintest-engine-0] INFO  io.kotlintest.provided.ProjectConfig - Finished tests de.gleex.pltcmd.model.mapgeneration.mapgenerators.areafinder.EmptyRectangleAreaFinderTest
16:41:35.455 [kotlintest-engine-0] INFO  io.kotlintest.provided.ProjectConfig - Current memory usage: 254 / 4062 MB
[INFO] Tests run: 7, Failures: 0, Errors: 0, Skipped: 0, Time elapsed: 0.048 s - in de.gleex.pltcmd.model.mapgeneration.mapgenerators.areafinder.EmptyRectangleAreaFinderTest
[INFO] Running de.gleex.pltcmd.model.mapgeneration.mapgenerators.data.MutableWorldTest
16:41:35.464 [kotlintest-engine-0] INFO  io.kotlintest.provided.ProjectConfig - Starting tests de.gleex.pltcmd.model.mapgeneration.mapgenerators.data.MutableWorldTest
16:41:35.495 [pool-10-thread-1 @coroutine#58] INFO  io.kotlintest.provided.ProjectConfig - Execution of 'A world from (000|000) to (049|049) of size 50 by 50 tiles should have 2 neighbors at (000|000)' took 1 ms
16:41:35.495 [pool-10-thread-1 @coroutine#58] INFO  io.kotlintest.provided.ProjectConfig -  - - - - - - - - - - - - - - - - - -
16:41:35.497 [pool-10-thread-1 @coroutine#58] INFO  io.kotlintest.provided.ProjectConfig - Execution of 'A world from (000|000) to (049|049) of size 50 by 50 tiles should have 3 neighbors at (000|001)' took 1 ms
16:41:35.497 [pool-10-thread-1 @coroutine#58] INFO  io.kotlintest.provided.ProjectConfig -  - - - - - - - - - - - - - - - - - -
16:41:35.498 [pool-10-thread-1 @coroutine#58] INFO  io.kotlintest.provided.ProjectConfig - Execution of 'A world from (000|000) to (049|049) of size 50 by 50 tiles should have 3 neighbors at (001|000)' took 1 ms
16:41:35.498 [pool-10-thread-1 @coroutine#58] INFO  io.kotlintest.provided.ProjectConfig -  - - - - - - - - - - - - - - - - - -
16:41:35.500 [pool-10-thread-1 @coroutine#58] INFO  io.kotlintest.provided.ProjectConfig - Execution of 'A world from (000|000) to (049|049) of size 50 by 50 tiles should have 4 neighbors at (001|001)' took 1 ms
16:41:35.500 [pool-10-thread-1 @coroutine#58] INFO  io.kotlintest.provided.ProjectConfig -  - - - - - - - - - - - - - - - - - -
16:41:35.501 [pool-10-thread-1 @coroutine#58] INFO  io.kotlintest.provided.ProjectConfig - Execution of 'A world from (000|000) to (049|049) of size 50 by 50 tiles should have 2 neighbors at (049|049)' took 1 ms
16:41:35.502 [pool-10-thread-1 @coroutine#58] INFO  io.kotlintest.provided.ProjectConfig -  - - - - - - - - - - - - - - - - - -
16:41:35.503 [pool-10-thread-1 @coroutine#58] INFO  io.kotlintest.provided.ProjectConfig - Execution of 'A world from (000|000) to (049|049) of size 50 by 50 tiles should have 3 neighbors at (049|048)' took 1 ms
16:41:35.503 [pool-10-thread-1 @coroutine#58] INFO  io.kotlintest.provided.ProjectConfig -  - - - - - - - - - - - - - - - - - -
16:41:35.504 [pool-10-thread-1 @coroutine#58] INFO  io.kotlintest.provided.ProjectConfig - Execution of 'A world from (000|000) to (049|049) of size 50 by 50 tiles should have 3 neighbors at (048|049)' took 1 ms
16:41:35.504 [pool-10-thread-1 @coroutine#58] INFO  io.kotlintest.provided.ProjectConfig -  - - - - - - - - - - - - - - - - - -
16:41:35.506 [pool-10-thread-1 @coroutine#58] INFO  io.kotlintest.provided.ProjectConfig - Execution of 'A world from (000|000) to (049|049) of size 50 by 50 tiles should have 4 neighbors at (048|048)' took 1 ms
16:41:35.506 [pool-10-thread-1 @coroutine#58] INFO  io.kotlintest.provided.ProjectConfig -  - - - - - - - - - - - - - - - - - -
16:41:35.507 [pool-10-thread-1 @coroutine#58] INFO  io.kotlintest.provided.ProjectConfig - Execution of 'A world from (000|000) to (049|049) of size 50 by 50 tiles should have 4 neighbors at (002|002)' took 1 ms
16:41:35.507 [pool-10-thread-1 @coroutine#58] INFO  io.kotlintest.provided.ProjectConfig -  - - - - - - - - - - - - - - - - - -
16:41:35.508 [pool-10-thread-1 @coroutine#58] INFO  io.kotlintest.provided.ProjectConfig - Execution of 'A world from (000|000) to (049|049) of size 50 by 50 tiles should have 4 neighbors at (042|013)' took 1 ms
16:41:35.509 [pool-10-thread-1 @coroutine#58] INFO  io.kotlintest.provided.ProjectConfig -  - - - - - - - - - - - - - - - - - -
16:41:35.510 [pool-10-thread-1 @coroutine#58] INFO  io.kotlintest.provided.ProjectConfig - Execution of 'A world from (000|000) to (049|049) of size 50 by 50 tiles should have 3 neighbors at (049|023)' took 1 ms
16:41:35.510 [pool-10-thread-1 @coroutine#58] INFO  io.kotlintest.provided.ProjectConfig -  - - - - - - - - - - - - - - - - - -
16:41:35.511 [pool-10-thread-1 @coroutine#58] INFO  io.kotlintest.provided.ProjectConfig - Execution of 'A world from (000|000) to (049|049) of size 50 by 50 tiles should have 4 neighbors at (009|019)' took 1 ms
16:41:35.511 [pool-10-thread-1 @coroutine#58] INFO  io.kotlintest.provided.ProjectConfig -  - - - - - - - - - - - - - - - - - -
16:41:35.512 [pool-10-thread-1 @coroutine#58] INFO  io.kotlintest.provided.ProjectConfig - Execution of 'A world from (000|000) to (049|049) of size 50 by 50 tiles should have 0 neighbors at (-001|000)' took 0 ms
16:41:35.512 [pool-10-thread-1 @coroutine#58] INFO  io.kotlintest.provided.ProjectConfig -  - - - - - - - - - - - - - - - - - -
16:41:35.513 [pool-10-thread-1 @coroutine#58] INFO  io.kotlintest.provided.ProjectConfig - Execution of 'A world from (000|000) to (049|049) of size 50 by 50 tiles should have 0 neighbors at (001|050)' took 1 ms
16:41:35.513 [pool-10-thread-1 @coroutine#58] INFO  io.kotlintest.provided.ProjectConfig -  - - - - - - - - - - - - - - - - - -
16:41:35.514 [pool-10-thread-1 @coroutine#58] INFO  io.kotlintest.provided.ProjectConfig - Execution of 'A world from (000|000) to (049|049) of size 50 by 50 tiles should have 0 neighbors at (374|983)' took 1 ms
16:41:35.514 [pool-10-thread-1 @coroutine#58] INFO  io.kotlintest.provided.ProjectConfig -  - - - - - - - - - - - - - - - - - -
16:41:35.514 [pool-10-thread-1 @coroutine#58] INFO  io.kotlintest.provided.ProjectConfig - Execution of 'A world from (000|000) to (049|049) of size 50 by 50 tiles should have 0 neighbors at (2147483647|2147483647)' took 0 ms
16:41:35.515 [pool-10-thread-1 @coroutine#58] INFO  io.kotlintest.provided.ProjectConfig -  - - - - - - - - - - - - - - - - - -
16:41:35.515 [pool-10-thread-1 @coroutine#58] INFO  io.kotlintest.provided.ProjectConfig - Execution of 'A world from (000|000) to (049|049) of size 50 by 50 tiles should have 0 neighbors at (-2147483648|-2147483648)' took 0 ms
16:41:35.515 [pool-10-thread-1 @coroutine#58] INFO  io.kotlintest.provided.ProjectConfig -  - - - - - - - - - - - - - - - - - -
16:41:35.516 [pool-10-thread-1 @coroutine#58] INFO  io.kotlintest.provided.ProjectConfig - Execution of 'A world from (000|000) to (049|049) of size 50 by 50 tiles should have 0 neighbors at (050|-001)' took 0 ms
16:41:35.516 [pool-10-thread-1 @coroutine#58] INFO  io.kotlintest.provided.ProjectConfig -  - - - - - - - - - - - - - - - - - -
16:41:35.518 [pool-10-thread-1 @coroutine#58] INFO  io.kotlintest.provided.ProjectConfig - Execution of 'A world from (000|000) to (049|049) of size 50 by 50 tiles should find no present coordinates' took 1 ms
16:41:35.518 [pool-10-thread-1 @coroutine#58] INFO  io.kotlintest.provided.ProjectConfig -  - - - - - - - - - - - - - - - - - -
16:41:35.521 [pool-10-thread-1 @coroutine#58] INFO  io.kotlintest.provided.ProjectConfig - Execution of 'A world from (000|000) to (049|049) of size 50 by 50 tiles should find all coordinates as empty' took 2 ms
16:41:35.521 [pool-10-thread-1 @coroutine#58] INFO  io.kotlintest.provided.ProjectConfig -  - - - - - - - - - - - - - - - - - -
16:41:35.521 [kotlintest-engine-0] INFO  io.kotlintest.provided.ProjectConfig - Finished tests de.gleex.pltcmd.model.mapgeneration.mapgenerators.data.MutableWorldTest
16:41:35.521 [kotlintest-engine-0] INFO  io.kotlintest.provided.ProjectConfig - Current memory usage: 254 / 4062 MB
[INFO] Tests run: 20, Failures: 0, Errors: 0, Skipped: 0, Time elapsed: 0.065 s - in de.gleex.pltcmd.model.mapgeneration.mapgenerators.data.MutableWorldTest
[INFO] Running de.gleex.pltcmd.model.mapgeneration.mapgenerators.areafinder.SizedEmptyRectangleAreaFinderTest
16:41:35.534 [kotlintest-engine-0] INFO  io.kotlintest.provided.ProjectConfig - Starting tests de.gleex.pltcmd.model.mapgeneration.mapgenerators.areafinder.SizedEmptyRectangleAreaFinderTest
16:41:35.538 [pool-12-thread-1 @coroutine#103] DEBUG d.g.p.m.m.m.a.EmptyRectangleAreaFinder - Found 1 empty rectangles in 2 ms
16:41:35.540 [pool-12-thread-1 @coroutine#101] INFO  io.kotlintest.provided.ProjectConfig - Execution of 'empty world must contain a maximum size rectangle and three remainders' took 5 ms
16:41:35.540 [pool-12-thread-1 @coroutine#101] INFO  io.kotlintest.provided.ProjectConfig -  - - - - - - - - - - - - - - - - - -
16:41:35.550 [pool-12-thread-1 @coroutine#105] DEBUG d.g.p.m.m.m.a.EmptyRectangleAreaFinder - Found 1 empty rectangles in 2 ms
16:41:35.554 [pool-12-thread-1 @coroutine#101] INFO  io.kotlintest.provided.ProjectConfig - Execution of 'empty world must contain all coordinates as 1x1 rectangle' took 14 ms
16:41:35.554 [pool-12-thread-1 @coroutine#101] INFO  io.kotlintest.provided.ProjectConfig -  - - - - - - - - - - - - - - - - - -
16:41:35.554 [kotlintest-engine-0] INFO  io.kotlintest.provided.ProjectConfig - Finished tests de.gleex.pltcmd.model.mapgeneration.mapgenerators.areafinder.SizedEmptyRectangleAreaFinderTest
16:41:35.554 [kotlintest-engine-0] INFO  io.kotlintest.provided.ProjectConfig - Current memory usage: 254 / 4062 MB
[INFO] Tests run: 2, Failures: 0, Errors: 0, Skipped: 0, Time elapsed: 0.022 s - in de.gleex.pltcmd.model.mapgeneration.mapgenerators.areafinder.SizedEmptyRectangleAreaFinderTest
16:41:35.570 [kotlintest-engine-0] INFO  d.g.p.m.m.m.WorldMapGenerator - Generating a random world with seed 22
16:41:35.571 [kotlintest-engine-0] INFO  d.g.p.m.m.m.WorldMapGenerator - 	Context: GenerationContext: 89,0 % vegetation, 58,4 % hilliness, 33,7 % water, 1,8 % urban
16:41:35.571 [kotlintest-engine-0] INFO  d.g.p.m.m.m.WorldMapGenerator - 	World size: 50 * 50 = 2500 tiles
16:41:35.571 [kotlintest-engine-0] INFO  d.g.p.m.m.m.WorldMapGenerator - 	Ranging from (000|000) to (049|049)
16:41:35.573 [kotlintest-engine-0] DEBUG d.g.p.m.m.m.i.MountainTopHeightMapper - Trying to find 0 areas for mountain tops in 1 main coordinates
16:41:35.573 [kotlintest-engine-0] DEBUG d.g.p.m.m.m.i.MountainTopHeightMapper - Found 0 mountain top locations: []
16:41:35.574 [kotlintest-engine-0] DEBUG d.g.p.m.m.m.i.MountainTopHeightMapper - Processed 0 tiles to create 0 mountains
16:41:35.574 [kotlintest-engine-0] DEBUG d.g.p.m.m.m.WorldMapGenerator - Generator MountainTopHeightMapper took 2 ms
16:41:35.574 [kotlintest-engine-0] DEBUG d.g.p.m.m.m.intermediate.RiverTyper - No mountain tops found to create rivers.
16:41:35.574 [kotlintest-engine-0] DEBUG d.g.p.m.m.m.WorldMapGenerator - Generator RiverTyper took 0 ms
16:41:35.574 [kotlintest-engine-0] DEBUG d.g.p.m.m.m.i.PlainsGenerator - Using 0.4159861904480945 of the area for plains
16:41:35.574 [kotlintest-engine-0] DEBUG d.g.p.m.m.m.i.PlainsGenerator - Finding empty rectangles that span a total of 1040 coordinates
16:41:35.577 [kotlintest-engine-0] DEBUG d.g.p.m.m.m.a.EmptyRectangleAreaFinder - Found 1 empty rectangles in 3 ms
16:41:35.578 [kotlintest-engine-0] DEBUG d.g.p.m.m.m.i.PlainsGenerator - Took 4 ms to find 1 empty rectangles
16:41:35.578 [kotlintest-engine-0] WARN  d.g.p.m.m.m.i.PlainsGenerator - found a total of 2500 tiles: []
16:41:35.579 [kotlintest-engine-0] DEBUG d.g.p.m.m.m.i.PlainsGenerator - Generating 0 plains with a maximum size of 1040 coordinates
16:41:35.579 [kotlintest-engine-0] DEBUG d.g.p.m.m.m.WorldMapGenerator - Generator PlainsGenerator took 5 ms
[INFO] Running de.gleex.pltcmd.model.mapgeneration.mapgenerators.WorldMapGeneratorTest
[INFO] Tests run: 0, Failures: 0, Errors: 0, Skipped: 0, Time elapsed: 0.001 s - in de.gleex.pltcmd.model.mapgeneration.mapgenerators.WorldMapGeneratorTest
16:41:35.585 [main] INFO  io.kotlintest.provided.ProjectConfig - Tests complete! Execution took 392 ms
16:41:35.585 [main] INFO  io.kotlintest.provided.ProjectConfig - Average test execution time: 2.048780487804878 ms
16:41:35.585 [main] INFO  io.kotlintest.provided.ProjectConfig - Current memory usage: 254 / 4062 MB
16:41:35.585 [main] INFO  io.kotlintest.provided.ProjectConfig - Maximum memory usage was 254 MB
[INFO] 
[INFO] Results:
[INFO] 
[INFO] Tests run: 41, Failures: 0, Errors: 0, Skipped: 0
[INFO] 
[INFO] 
[INFO] --------------------< de.gleex.pltcmd.model:radio >---------------------
[INFO] Building Radio model 0.0.2-SNAPSHOT                               [9/16]
[INFO] --------------------------------[ jar ]---------------------------------
[INFO] 
[INFO] --- maven-enforcer-plugin:3.0.0-M3:enforce (enforce-upper-bound-deps) @ radio ---
[INFO] 
[INFO] --- maven-resources-plugin:2.6:resources (default-resources) @ radio ---
[INFO] Using 'UTF-8' encoding to copy filtered resources.
[INFO] skip non existing resourceDirectory D:\coding\git\pltcmd\model\radio\src\main\resources
[INFO] 
[INFO] --- maven-compiler-plugin:3.1:compile (default-compile) @ radio ---
[INFO] Nothing to compile - all classes are up to date
[INFO] 
[INFO] --- kotlin-maven-plugin:1.3.72:compile (compile) @ radio ---
[INFO] 
[INFO] --- maven-resources-plugin:2.6:testResources (default-testResources) @ radio ---
[INFO] Using 'UTF-8' encoding to copy filtered resources.
[INFO] skip non existing resourceDirectory D:\coding\git\pltcmd\model\radio\src\test\resources
[INFO] 
[INFO] --- maven-compiler-plugin:3.1:testCompile (default-testCompile) @ radio ---
[INFO] Nothing to compile - all classes are up to date
[INFO] 
[INFO] --- kotlin-maven-plugin:1.3.72:test-compile (test-compile) @ radio ---
[INFO] 
[INFO] --- maven-surefire-plugin:3.0.0-M4:test (default-test) @ radio ---
[INFO] 
[INFO] -------------------------------------------------------
[INFO]  T E S T S
[INFO] -------------------------------------------------------
~~~ Project Configuration ~~~
-> Parallelism: 1 thread
-> Test order: LexicographicSpecExecutionOrder
-> Soft assertations: False
-> Write spec failure file: False
-> Fail on ignored tests: False
-> Extensions
  - io.kotlintest.extensions.SystemPropertyTagExtension
  - io.kotlintest.extensions.RuntimeTagExtension
-> Listeners
  - io.kotlintest.provided.ProjectConfig$listeners$1
16:41:37.830 [main] INFO  io.kotlintest.provided.ProjectConfig - Starting tests, measuring time
16:41:37.831 [main] INFO  io.kotlintest.provided.ProjectConfig - Current memory usage: 254 / 4062 MB
[INFO] Running de.gleex.pltcmd.model.radio.communication.building.ConversationBuilderTest
16:41:37.922 [kotlintest-engine-0] INFO  io.kotlintest.provided.ProjectConfig - Starting tests de.gleex.pltcmd.model.radio.communication.building.ConversationBuilderTest
16:41:37.982 [pool-2-thread-1 @coroutine#1] INFO  io.kotlintest.provided.ProjectConfig - Execution of 'read back should be a response (sender and receiver swapped)' took 7 ms
16:41:37.982 [pool-2-thread-1 @coroutine#1] INFO  io.kotlintest.provided.ProjectConfig -  - - - - - - - - - - - - - - - - - -
16:41:37.986 [pool-2-thread-1 @coroutine#1] INFO  io.kotlintest.provided.ProjectConfig - Execution of 'read back should establish communications' took 3 ms
16:41:37.986 [pool-2-thread-1 @coroutine#1] INFO  io.kotlintest.provided.ProjectConfig -  - - - - - - - - - - - - - - - - - -
16:41:37.988 [pool-2-thread-1 @coroutine#1] INFO  io.kotlintest.provided.ProjectConfig - Execution of 'read back should have correct template message' took 1 ms
16:41:37.988 [pool-2-thread-1 @coroutine#1] INFO  io.kotlintest.provided.ProjectConfig -  - - - - - - - - - - - - - - - - - -
16:41:37.989 [pool-2-thread-1 @coroutine#1] INFO  io.kotlintest.provided.ProjectConfig - Execution of 'read back should have correct transmitted message' took 0 ms
16:41:37.990 [pool-2-thread-1 @coroutine#1] INFO  io.kotlintest.provided.ProjectConfig -  - - - - - - - - - - - - - - - - - -
16:41:37.990 [kotlintest-engine-0] INFO  io.kotlintest.provided.ProjectConfig - Finished tests de.gleex.pltcmd.model.radio.communication.building.ConversationBuilderTest
16:41:37.990 [kotlintest-engine-0] INFO  io.kotlintest.provided.ProjectConfig - Current memory usage: 254 / 4062 MB
[INFO] Tests run: 4, Failures: 0, Errors: 0, Skipped: 0, Time elapsed: 0.14 s - in de.gleex.pltcmd.model.radio.communication.building.ConversationBuilderTest
[INFO] Running de.gleex.pltcmd.model.radio.RadioSignalTest
16:41:38.176 [kotlintest-engine-0] INFO  io.kotlintest.provided.ProjectConfig - Starting tests de.gleex.pltcmd.model.radio.RadioSignalTest
16:41:38.182 [pool-3-thread-1 @coroutine#12] INFO  io.kotlintest.provided.ProjectConfig - Execution of 'A radio signal with power 100.0 (100.0%) when getting an empty list to travel along should be full strength' took 2 ms
16:41:38.182 [pool-3-thread-1 @coroutine#12] INFO  io.kotlintest.provided.ProjectConfig -  - - - - - - - - - - - - - - - - - -
16:41:38.186 [pool-3-thread-1 @coroutine#12] INFO  io.kotlintest.provided.ProjectConfig - Execution of 'A radio signal with power 100.0 (100.0%) when getting a single field to travel along should be full strength because it is the field it is originating from' took 2 ms
16:41:38.186 [pool-3-thread-1 @coroutine#12] INFO  io.kotlintest.provided.ProjectConfig -  - - - - - - - - - - - - - - - - - -
16:41:38.189 [pool-3-thread-1 @coroutine#12] INFO  io.kotlintest.provided.ProjectConfig - Execution of 'A radio signal with power 100.0 (100.0%) when travelling through 2 tiles of air should lose power with the base loss factor of 0.98' took 1 ms
16:41:38.190 [pool-3-thread-1 @coroutine#12] INFO  io.kotlintest.provided.ProjectConfig -  - - - - - - - - - - - - - - - - - -
16:41:38.193 [pool-3-thread-1 @coroutine#12] INFO  io.kotlintest.provided.ProjectConfig - Execution of 'A radio signal with power 100.0 (100.0%) when travelling through 2 tiles of ground should lose power with the ground loss factor of 0.7' took 1 ms
16:41:38.193 [pool-3-thread-1 @coroutine#12] INFO  io.kotlintest.provided.ProjectConfig -  - - - - - - - - - - - - - - - - - -
16:41:38.195 [pool-3-thread-1 @coroutine#12] INFO  io.kotlintest.provided.ProjectConfig - Execution of 'A radio signal with power 100.0 (100.0%) when travelling through 3 tiles of air should lose power with the base loss factor of 0.98' took 1 ms
16:41:38.195 [pool-3-thread-1 @coroutine#12] INFO  io.kotlintest.provided.ProjectConfig -  - - - - - - - - - - - - - - - - - -
16:41:38.197 [pool-3-thread-1 @coroutine#12] INFO  io.kotlintest.provided.ProjectConfig - Execution of 'A radio signal with power 100.0 (100.0%) when travelling through 3 tiles of ground should lose power with the ground loss factor of 0.7' took 0 ms
16:41:38.197 [pool-3-thread-1 @coroutine#12] INFO  io.kotlintest.provided.ProjectConfig -  - - - - - - - - - - - - - - - - - -
16:41:38.198 [pool-3-thread-1 @coroutine#12] INFO  io.kotlintest.provided.ProjectConfig - Execution of 'A radio signal with power 100.0 (100.0%) when travelling through 4 tiles of air should lose power with the base loss factor of 0.98' took 0 ms
16:41:38.198 [pool-3-thread-1 @coroutine#12] INFO  io.kotlintest.provided.ProjectConfig -  - - - - - - - - - - - - - - - - - -
16:41:38.200 [pool-3-thread-1 @coroutine#12] INFO  io.kotlintest.provided.ProjectConfig - Execution of 'A radio signal with power 100.0 (100.0%) when travelling through 4 tiles of ground should lose power with the ground loss factor of 0.7' took 1 ms
16:41:38.200 [pool-3-thread-1 @coroutine#12] INFO  io.kotlintest.provided.ProjectConfig -  - - - - - - - - - - - - - - - - - -
16:41:38.202 [pool-3-thread-1 @coroutine#12] INFO  io.kotlintest.provided.ProjectConfig - Execution of 'A radio signal with power 100.0 (100.0%) when travelling through 5 tiles of air should lose power with the base loss factor of 0.98' took 1 ms
16:41:38.202 [pool-3-thread-1 @coroutine#12] INFO  io.kotlintest.provided.ProjectConfig -  - - - - - - - - - - - - - - - - - -
16:41:38.204 [pool-3-thread-1 @coroutine#12] INFO  io.kotlintest.provided.ProjectConfig - Execution of 'A radio signal with power 100.0 (100.0%) when travelling through 5 tiles of ground should lose power with the ground loss factor of 0.7' took 1 ms
16:41:38.204 [pool-3-thread-1 @coroutine#12] INFO  io.kotlintest.provided.ProjectConfig -  - - - - - - - - - - - - - - - - - -
16:41:38.205 [pool-3-thread-1 @coroutine#12] INFO  io.kotlintest.provided.ProjectConfig - Execution of 'A radio signal with power 100.0 (100.0%) when travelling through 6 tiles of air should lose power with the base loss factor of 0.98' took 0 ms
16:41:38.205 [pool-3-thread-1 @coroutine#12] INFO  io.kotlintest.provided.ProjectConfig -  - - - - - - - - - - - - - - - - - -
16:41:38.207 [pool-3-thread-1 @coroutine#12] INFO  io.kotlintest.provided.ProjectConfig - Execution of 'A radio signal with power 100.0 (100.0%) when travelling through 6 tiles of ground should lose power with the ground loss factor of 0.7' took 1 ms
16:41:38.207 [pool-3-thread-1 @coroutine#12] INFO  io.kotlintest.provided.ProjectConfig -  - - - - - - - - - - - - - - - - - -
16:41:38.210 [pool-3-thread-1 @coroutine#12] INFO  io.kotlintest.provided.ProjectConfig - Execution of 'A radio signal with power 100.0 (100.0%) when travelling through 7 tiles of air should lose power with the base loss factor of 0.98' took 1 ms
16:41:38.210 [pool-3-thread-1 @coroutine#12] INFO  io.kotlintest.provided.ProjectConfig -  - - - - - - - - - - - - - - - - - -
16:41:38.212 [pool-3-thread-1 @coroutine#12] INFO  io.kotlintest.provided.ProjectConfig - Execution of 'A radio signal with power 100.0 (100.0%) when travelling through 7 tiles of ground should lose power with the ground loss factor of 0.7' took 0 ms
16:41:38.212 [pool-3-thread-1 @coroutine#12] INFO  io.kotlintest.provided.ProjectConfig -  - - - - - - - - - - - - - - - - - -
16:41:38.212 [kotlintest-engine-0] INFO  io.kotlintest.provided.ProjectConfig - Finished tests de.gleex.pltcmd.model.radio.RadioSignalTest
16:41:38.212 [kotlintest-engine-0] INFO  io.kotlintest.provided.ProjectConfig - Current memory usage: 254 / 4062 MB
[INFO] Tests run: 14, Failures: 0, Errors: 0, Skipped: 0, Time elapsed: 0.046 s - in de.gleex.pltcmd.model.radio.RadioSignalTest
[INFO] Running de.gleex.pltcmd.model.radio.SignalStrengthTest
16:41:38.226 [kotlintest-engine-0] INFO  io.kotlintest.provided.ProjectConfig - Starting tests de.gleex.pltcmd.model.radio.SignalStrengthTest
16:41:38.243 [pool-4-thread-1 @coroutine#71] INFO  io.kotlintest.provided.ProjectConfig - Execution of 'Absolute radio signal power converted to a signal strength should be 1.0 when > 100 and 0.0 when < 8.0' took 14 ms
16:41:38.243 [pool-4-thread-1 @coroutine#71] INFO  io.kotlintest.provided.ProjectConfig -  - - - - - - - - - - - - - - - - - -
16:41:38.249 [pool-4-thread-1 @coroutine#71] INFO  io.kotlintest.provided.ProjectConfig - Execution of 'Invalid values should not be allowed' took 4 ms
16:41:38.249 [pool-4-thread-1 @coroutine#71] INFO  io.kotlintest.provided.ProjectConfig -  - - - - - - - - - - - - - - - - - -
16:41:38.249 [kotlintest-engine-0] INFO  io.kotlintest.provided.ProjectConfig - Finished tests de.gleex.pltcmd.model.radio.SignalStrengthTest
16:41:38.249 [kotlintest-engine-0] INFO  io.kotlintest.provided.ProjectConfig - Current memory usage: 254 / 4062 MB
[INFO] Tests run: 2, Failures: 0, Errors: 0, Skipped: 0, Time elapsed: 0.026 s - in de.gleex.pltcmd.model.radio.SignalStrengthTest
16:41:38.252 [main] INFO  io.kotlintest.provided.ProjectConfig - Tests complete! Execution took 420 ms
16:41:38.252 [main] INFO  io.kotlintest.provided.ProjectConfig - Average test execution time: 2.05 ms
16:41:38.252 [main] INFO  io.kotlintest.provided.ProjectConfig - Current memory usage: 254 / 4062 MB
16:41:38.252 [main] INFO  io.kotlintest.provided.ProjectConfig - Maximum memory usage was 254 MB
[INFO] 
[INFO] Results:
[INFO] 
[INFO] Tests run: 20, Failures: 0, Errors: 0, Skipped: 0
[INFO] 
[INFO] 
[INFO] ---------------------< de.gleex.pltcmd.game:game >----------------------
[INFO] Building Game parent 0.0.2-SNAPSHOT                              [10/16]
[INFO] --------------------------------[ pom ]---------------------------------
[INFO] 
[INFO] --- maven-enforcer-plugin:3.0.0-M3:enforce (enforce-upper-bound-deps) @ game ---
[INFO] 
[INFO] --- kotlin-maven-plugin:1.3.72:compile (compile) @ game ---
[WARNING] No sources found skipping Kotlin compile
[INFO] 
[INFO] --- kotlin-maven-plugin:1.3.72:test-compile (test-compile) @ game ---
[WARNING] No sources found skipping Kotlin compile
[INFO] 
[INFO] --------------------< de.gleex.pltcmd.game:engine >---------------------
[INFO] Building Engine (game core) 0.0.2-SNAPSHOT                       [11/16]
[INFO] --------------------------------[ jar ]---------------------------------
[INFO] 
[INFO] --- maven-enforcer-plugin:3.0.0-M3:enforce (enforce-upper-bound-deps) @ engine ---
[INFO] 
[INFO] --- maven-resources-plugin:2.6:resources (default-resources) @ engine ---
[INFO] Using 'UTF-8' encoding to copy filtered resources.
[INFO] Copying 0 resource
[INFO] 
[INFO] --- maven-compiler-plugin:3.1:compile (default-compile) @ engine ---
[INFO] Nothing to compile - all classes are up to date
[INFO] 
[INFO] --- kotlin-maven-plugin:1.3.72:compile (compile) @ engine ---
[WARNING] D:\coding\git\pltcmd\game\engine\src\main\kotlin\de\gleex\pltcmd\game\engine\systems\behaviours\Moving.kt: (23, 46) Unchecked cast: AnyGameEntity /* = Entity<*, GameContext> */ to GameEntity<Movable> /* = Entity<Movable, GameContext> */
[WARNING] D:\coding\git\pltcmd\game\engine\src\main\kotlin\de\gleex\pltcmd\game\engine\systems\behaviours\Wandering.kt: (28, 47) Unchecked cast: AnyGameEntity /* = Entity<*, GameContext> */ to GameEntity<Movable> /* = Entity<Movable, GameContext> */
[INFO] 
[INFO] --- maven-resources-plugin:2.6:testResources (default-testResources) @ engine ---
[INFO] Using 'UTF-8' encoding to copy filtered resources.
[INFO] skip non existing resourceDirectory D:\coding\git\pltcmd\game\engine\src\test\resources
[INFO] 
[INFO] --- maven-compiler-plugin:3.1:testCompile (default-testCompile) @ engine ---
[INFO] No sources to compile
[INFO] 
[INFO] --- kotlin-maven-plugin:1.3.72:test-compile (test-compile) @ engine ---
[WARNING] No sources found skipping Kotlin compile
[INFO] 
[INFO] --- maven-surefire-plugin:3.0.0-M4:test (default-test) @ engine ---
[INFO] No tests to run.
[INFO] 
[INFO] ---------------------< de.gleex.pltcmd.game:ticks >---------------------
[INFO] Building Game ticks 0.0.2-SNAPSHOT                               [12/16]
[INFO] --------------------------------[ jar ]---------------------------------
[INFO] 
[INFO] --- maven-enforcer-plugin:3.0.0-M3:enforce (enforce-upper-bound-deps) @ ticks ---
[INFO] 
[INFO] --- maven-resources-plugin:2.6:resources (default-resources) @ ticks ---
[INFO] Using 'UTF-8' encoding to copy filtered resources.
[INFO] skip non existing resourceDirectory D:\coding\git\pltcmd\game\ticks\src\main\resources
[INFO] 
[INFO] --- maven-compiler-plugin:3.1:compile (default-compile) @ ticks ---
[INFO] Nothing to compile - all classes are up to date
[INFO] 
[INFO] --- kotlin-maven-plugin:1.3.72:compile (compile) @ ticks ---
[INFO] 
[INFO] --- maven-resources-plugin:2.6:testResources (default-testResources) @ ticks ---
[INFO] Using 'UTF-8' encoding to copy filtered resources.
[INFO] skip non existing resourceDirectory D:\coding\git\pltcmd\game\ticks\src\test\resources
[INFO] 
[INFO] --- maven-compiler-plugin:3.1:testCompile (default-testCompile) @ ticks ---
[INFO] No sources to compile
[INFO] 
[INFO] --- kotlin-maven-plugin:1.3.72:test-compile (test-compile) @ ticks ---
[WARNING] No sources found skipping Kotlin compile
[INFO] 
[INFO] --- maven-surefire-plugin:3.0.0-M4:test (default-test) @ ticks ---
[INFO] No tests to run.
[INFO] 
[INFO] -----------------< de.gleex.pltcmd.game:communication >-----------------
[INFO] Building Comms 0.0.2-SNAPSHOT                                    [13/16]
[INFO] --------------------------------[ jar ]---------------------------------
[INFO] 
[INFO] --- maven-enforcer-plugin:3.0.0-M3:enforce (enforce-upper-bound-deps) @ communication ---
[INFO] 
[INFO] --- maven-resources-plugin:2.6:resources (default-resources) @ communication ---
[INFO] Using 'UTF-8' encoding to copy filtered resources.
[INFO] skip non existing resourceDirectory D:\coding\git\pltcmd\game\communication\src\main\resources
[INFO] 
[INFO] --- maven-compiler-plugin:3.1:compile (default-compile) @ communication ---
[INFO] Nothing to compile - all classes are up to date
[INFO] 
[INFO] --- kotlin-maven-plugin:1.3.72:compile (compile) @ communication ---
[INFO] 
[INFO] --- maven-resources-plugin:2.6:testResources (default-testResources) @ communication ---
[INFO] Using 'UTF-8' encoding to copy filtered resources.
[INFO] skip non existing resourceDirectory D:\coding\git\pltcmd\game\communication\src\test\resources
[INFO] 
[INFO] --- maven-compiler-plugin:3.1:testCompile (default-testCompile) @ communication ---
[INFO] No sources to compile
[INFO] 
[INFO] --- kotlin-maven-plugin:1.3.72:test-compile (test-compile) @ communication ---
[WARNING] No sources found skipping Kotlin compile
[INFO] 
[INFO] --- maven-surefire-plugin:3.0.0-M4:test (default-test) @ communication ---
[INFO] No tests to run.
[INFO] 
[INFO] --------------------< de.gleex.pltcmd.game:options >--------------------
[INFO] Building Game options 0.0.2-SNAPSHOT                             [14/16]
[INFO] --------------------------------[ jar ]---------------------------------
[INFO] 
[INFO] --- maven-enforcer-plugin:3.0.0-M3:enforce (enforce-upper-bound-deps) @ options ---
[INFO] 
[INFO] --- maven-resources-plugin:2.6:resources (default-resources) @ options ---
[INFO] Using 'UTF-8' encoding to copy filtered resources.
[INFO] Copying 1 resource
[INFO] 
[INFO] --- maven-compiler-plugin:3.1:compile (default-compile) @ options ---
[INFO] Nothing to compile - all classes are up to date
[INFO] 
[INFO] --- kotlin-maven-plugin:1.3.72:compile (compile) @ options ---
[INFO] 
[INFO] --- maven-resources-plugin:2.6:testResources (default-testResources) @ options ---
[INFO] Using 'UTF-8' encoding to copy filtered resources.
[INFO] skip non existing resourceDirectory D:\coding\git\pltcmd\game\options\src\test\resources
[INFO] 
[INFO] --- maven-compiler-plugin:3.1:testCompile (default-testCompile) @ options ---
[INFO] No sources to compile
[INFO] 
[INFO] --- kotlin-maven-plugin:1.3.72:test-compile (test-compile) @ options ---
[WARNING] No sources found skipping Kotlin compile
[INFO] 
[INFO] --- maven-surefire-plugin:3.0.0-M4:test (default-test) @ options ---
[INFO] No tests to run.
[INFO] 
[INFO] ----------------------< de.gleex.pltcmd.game:ui >-----------------------
[INFO] Building UI 0.0.2-SNAPSHOT                                       [15/16]
[INFO] --------------------------------[ jar ]---------------------------------
[INFO] 
[INFO] --- maven-enforcer-plugin:3.0.0-M3:enforce (enforce-upper-bound-deps) @ ui ---
[INFO] 
[INFO] --- maven-resources-plugin:2.6:resources (default-resources) @ ui ---
[INFO] Using 'UTF-8' encoding to copy filtered resources.
[INFO] Copying 0 resource
[INFO] 
[INFO] --- maven-compiler-plugin:3.1:compile (default-compile) @ ui ---
[INFO] Nothing to compile - all classes are up to date
[INFO] 
[INFO] --- kotlin-maven-plugin:1.3.72:compile (compile) @ ui ---
[INFO] 
[INFO] --- maven-resources-plugin:2.6:testResources (default-testResources) @ ui ---
[INFO] Using 'UTF-8' encoding to copy filtered resources.
[INFO] skip non existing resourceDirectory D:\coding\git\pltcmd\game\ui\src\test\resources
[INFO] 
[INFO] --- maven-compiler-plugin:3.1:testCompile (default-testCompile) @ ui ---
[INFO] No sources to compile
[INFO] 
[INFO] --- kotlin-maven-plugin:1.3.72:test-compile (test-compile) @ ui ---
[WARNING] No sources found skipping Kotlin compile
[INFO] 
[INFO] --- maven-surefire-plugin:3.0.0-M4:test (default-test) @ ui ---
[INFO] No tests to run.
[INFO] 
[INFO] ------------------< de.gleex.pltcmd.game:application >------------------
[INFO] Building Application 0.0.2-SNAPSHOT                              [16/16]
[INFO] --------------------------------[ jar ]---------------------------------
[INFO] 
[INFO] --- maven-enforcer-plugin:3.0.0-M3:enforce (enforce-upper-bound-deps) @ application ---
[INFO] 
[INFO] --- maven-resources-plugin:2.6:resources (default-resources) @ application ---
[INFO] Using 'UTF-8' encoding to copy filtered resources.
[INFO] Copying 1 resource
[INFO] 
[INFO] --- maven-compiler-plugin:3.1:compile (default-compile) @ application ---
[INFO] Nothing to compile - all classes are up to date
[INFO] 
[INFO] --- kotlin-maven-plugin:1.3.72:compile (compile) @ application ---
[WARNING] D:\coding\git\pltcmd\game\application\src\main\kotlin\de\gleex\pltcmd\game\application\conversation\conversationExample.kt: (111, 83) There is more than one label with such a name in this scope
[INFO] 
[INFO] --- maven-resources-plugin:2.6:testResources (default-testResources) @ application ---
[INFO] Using 'UTF-8' encoding to copy filtered resources.
[INFO] skip non existing resourceDirectory D:\coding\git\pltcmd\game\application\src\test\resources
[INFO] 
[INFO] --- maven-compiler-plugin:3.1:testCompile (default-testCompile) @ application ---
[INFO] No sources to compile
[INFO] 
[INFO] --- kotlin-maven-plugin:1.3.72:test-compile (test-compile) @ application ---
[WARNING] No sources found skipping Kotlin compile
[INFO] 
[INFO] --- maven-surefire-plugin:3.0.0-M4:test (default-test) @ application ---
[INFO] No tests to run.
[INFO] ------------------------------------------------------------------------
[INFO] Reactor Summary for PltCmd 0.0.2-SNAPSHOT:
[INFO] 
[INFO] PltCmd ............................................. SUCCESS [  0.982 s]
[INFO] Utilities .......................................... SUCCESS [  0.056 s]
[INFO] Test utilities ..................................... SUCCESS [  3.478 s]
[INFO] Events ............................................. SUCCESS [  0.184 s]
[INFO] Model parent ....................................... SUCCESS [  0.034 s]
[INFO] Elements model ..................................... SUCCESS [  3.244 s]
[INFO] World model ........................................ SUCCESS [  5.053 s]
[INFO] Map generation ..................................... SUCCESS [  4.518 s]
[INFO] Radio model ........................................ SUCCESS [  2.643 s]
[INFO] Game parent ........................................ SUCCESS [  0.064 s]
[INFO] Engine (game core) ................................. SUCCESS [  0.466 s]
[INFO] Game ticks ......................................... SUCCESS [  0.325 s]
[INFO] Comms .............................................. SUCCESS [  0.406 s]
[INFO] Game options ....................................... SUCCESS [  0.219 s]
[INFO] UI ................................................. SUCCESS [  1.520 s]
[INFO] Application ........................................ SUCCESS [  0.553 s]
[INFO] ------------------------------------------------------------------------
[INFO] BUILD SUCCESS
[INFO] ------------------------------------------------------------------------
[INFO] Total time:  23.867 s
[INFO] Finished at: 2020-05-07T16:41:42+02:00
[INFO] ------------------------------------------------------------------------
